2023-12-24 14:35:28 Welcome to Logs
2023-12-24 14:35:28 Logs for RP1210 communications.
2023-12-24 14:35:28 RP1210SendMessage (SM) UDP Echo Client listening on ('127.0.0.1', 12352)
2023-12-24 14:35:28 RP1210ReadMessage (RM) UDP Echo Client listening on ('127.0.0.1', 12354)
2023-12-24 14:35:33 RM 03 09 d9 e2 f2 fe 00 06 00 ff 00 00 00 fe ff ff fe ff
2023-12-24 14:35:33 RM 03 09 d9 e3 f0 fe 00 06 00 ff ff ff ff 00 00 c0 ff ff
2023-12-24 14:35:33 RM 03 09 d9 e4 96 fe 00 06 00 ff 0c fa ff ff ff ff ff ff
2023-12-24 14:35:33 RM 03 09 d9 e5 04 f0 00 03 00 ff f8 7d 7d 00 00 00 f0 7d
2023-12-24 14:35:33 RM 03 09 d9 ef 04 f0 00 03 00 ff f8 7d 7d 00 00 00 f0 7d
2023-12-24 14:35:33 RM 03 09 d9 f9 04 f0 00 03 00 ff f8 7d 7d 00 00 00 f0 7d
2023-12-24 14:35:33 RM 03 09 d9 fc 0e f0 00 06 00 ff ff ff 32 5b ff ff ff ff
2023-12-24 14:35:33 RM 03 09 d9 fd 03 f0 00 03 00 ff d1 00 00 ff ff ff 00 ff
2023-12-24 14:35:33 RM 03 09 d9 fd 0a f0 00 03 00 ff ff ff 00 00 ff ff ff ff
2023-12-24 14:35:33 RM 03 09 d9 fe 00 ef 00 06 00 ff ff ff ff ff 00 01 19 80
2023-12-24 14:35:33 RM 03 09 d9 fe 1a f0 00 04 00 ff 00 00 ff ff 00 00 b0 04
2023-12-24 14:35:33 RM 03 09 da 03 04 f0 00 03 00 ff f8 7d 7d 00 00 00 f0 7d
2023-12-24 14:35:33 RM 03 09 da 0d 04 f0 00 03 00 ff f8 7d 7d 00 00 00 f0 7d
2023-12-24 14:35:33 RM 03 09 da 17 04 f0 00 03 00 ff f8 7d 7d 00 00 00 f0 7d
2023-12-24 14:35:33 RM 03 09 da 20 01 f0 00 06 0b ff cf ff f0 ff ff dc ff ff
2023-12-24 14:35:33 RM 03 09 da 21 04 f0 00 03 00 ff f8 7d 7d 00 00 00 f0 7d
2023-12-24 14:35:33 RM 03 09 da 2a bf fe 00 06 0b ff ff fe fe fe fe fe fe fe
2023-12-24 14:35:33 RM 03 09 da 2b 04 f0 00 03 00 ff f8 7d 7d 00 00 00 f0 7d
2023-12-24 14:35:33 RM 03 09 da 2c 0e f0 00 06 00 ff ff ff 32 5b ff ff ff ff
2023-12-24 14:35:33 RM 03 09 da 2c 03 f0 00 03 00 ff d1 00 00 ff ff ff 00 ff
2023-12-24 14:35:33 RM 03 09 da 2d 0a f0 00 03 00 ff ff ff 00 00 ff ff ff ff
2023-12-24 14:35:33 RM 03 09 da 2e 00 ef 00 06 00 ff ff ff ff ff 00 01 19 80
2023-12-24 14:35:33 RM 03 09 da 2e 1a f0 00 04 00 ff 00 00 ff ff 00 00 b0 04
2023-12-24 14:35:33 RM 03 09 da 34 bf fe 00 06 0b ff ff fe fe fe fe fe fe fe
2023-12-24 14:35:33 RM 03 09 da 35 04 f0 00 03 00 ff f8 7d 7d 00 00 00 f0 7d
2023-12-24 14:35:33 RM 03 09 da 3f 04 f0 00 03 00 ff f8 7d 7d 00 00 00 f0 7d
2023-12-24 14:35:33 RM 03 09 da 42 6f fe 00 04 00 ff ff ff ff ff ff ff ff ff
2023-12-24 14:35:33 RM 03 09 da 42 35 ff 00 06 00 ff ff ff ff 00 ff fe ff ff
2023-12-24 14:35:33 RM 03 09 da 43 18 ff 00 06 00 ff 00 ff ff ff ff ff ff ff
2023-12-24 14:35:33 RM 03 09 da 44 f1 fe 00 06 00 ff f3 00 fe 10 ff 00 1f c5
2023-12-24 14:35:33 RM 03 09 da 44 01 f0 00 06 00 ff ff ff ff cf ff ff ff ff
2023-12-24 14:35:33 RM 03 09 da 45 e3 fc 00 04 00 ff fe 00 00 ff ff ff ff ff
2023-12-24 14:35:33 RM 03 09 da 45 94 fd 00 06 00 ff 00 00 ff ff 00 00 ff ff
2023-12-24 14:35:33 RM 03 09 da 46 fd fc 00 04 00 ff ff ff ff ff 29 64 ff ff
2023-12-24 14:35:33 RM 03 09 da 47 f2 fe 00 06 00 ff 00 00 00 fe ff ff fe ff
2023-12-24 14:35:33 RM 03 09 da 47 f0 fe 00 06 00 ff ff ff ff 00 00 c0 ff ff
2023-12-24 14:35:33 RM 03 09 da 48 96 fe 00 06 00 ff 0c fa ff ff ff ff ff ff
2023-12-24 14:35:33 RM 03 09 da 49 04 f0 00 03 00 ff f8 7d 7d 00 00 00 f0 7d
2023-12-24 14:35:33 RM 03 09 da 53 04 f0 00 03 00 ff f8 7d 7d 00 00 00 f0 7d
2023-12-24 14:35:33 RM 03 09 da 5d 04 f0 00 03 00 ff f8 7d 7d 00 00 00 f0 7d
2023-12-24 14:35:33 RM 03 09 da 60 0e f0 00 06 00 ff ff ff 32 5b ff ff ff ff
2023-12-24 14:35:33 RM 03 09 da 61 03 f0 00 03 00 ff d1 00 00 ff ff ff 00 ff
2023-12-24 14:35:33 RM 03 09 da 61 df fe 00 06 00 ff fe 00 fe fe 7d 00 00 ff
2023-12-24 14:35:33 RM 03 09 da 62 0a f0 00 03 00 ff ff ff 00 00 ff ff ff ff
2023-12-24 14:35:33 RM 03 09 da 63 00 ef 00 06 00 ff ff ff ff ff 00 01 19 80
2023-12-24 14:35:33 RM 03 09 da 63 1a f0 00 04 00 ff 00 00 ff ff 00 00 b0 04
2023-12-24 14:35:33 RM 03 09 da 67 04 f0 00 03 00 ff f8 7d 7d 00 00 00 f0 7d
2023-12-24 14:35:33 RM 03 09 da 71 04 f0 00 03 00 ff f8 7d 7d 00 00 00 f0 7d
2023-12-24 14:35:33 RM 03 09 da 7b 04 f0 00 03 00 ff f8 7d 7d 00 00 00 f0 7d
2023-12-24 14:35:33 RM 03 09 da 85 01 f0 00 06 0b ff cf ff f0 ff ff dc ff ff
2023-12-24 14:35:33 RM 03 09 da 86 04 f0 00 03 00 ff f8 7d 7d 00 00 00 f0 7d
2023-12-24 14:35:33 RM 03 09 da 8f bf fe 00 06 0b ff ff fe fe fe fe fe fe fe
2023-12-24 14:35:33 RM 03 09 da 90 04 f0 00 03 00 ff f8 7d 7d 00 00 00 f0 7d
2023-12-24 14:35:33 RM 03 09 da 90 0e f0 00 06 00 ff ff ff 32 5b ff ff ff ff
2023-12-24 14:35:33 RM 03 09 da 91 03 f0 00 03 00 ff d1 00 00 ff ff ff 00 ff
2023-12-24 14:35:33 RM 03 09 da 91 0a f0 00 03 00 ff ff ff 00 00 ff ff ff ff
2023-12-24 14:35:33 RM 03 09 da 92 00 ef 00 06 00 ff ff ff ff ff 00 01 19 80
2023-12-24 14:35:33 RM 03 09 da 93 1a f0 00 04 00 ff 00 00 ff ff 00 00 b0 04
2023-12-24 14:35:33 RM 03 09 da 99 bf fe 00 06 0b ff ff fe fe fe fe fe fe fe
2023-12-24 14:35:33 RM 03 09 da 9a 04 f0 00 03 00 ff f8 7d 7d 00 00 00 f0 7d
2023-12-24 14:35:33 RM 03 09 da a3 04 f0 00 03 00 ff f8 7d 7d 00 00 00 f0 7d
2023-12-24 14:35:33 RM 03 09 da a6 20 fd 00 06 00 ff 00 fe 00 fe ff ff ff ff
2023-12-24 14:35:33 RM 03 09 da a7 6f fe 00 04 00 ff ff ff ff ff ff ff ff ff
2023-12-24 14:35:33 RM 03 09 da a7 35 ff 00 06 00 ff ff ff ff 00 ff fe ff ff
2023-12-24 14:35:33 RM 03 09 da a8 38 ff 00 06 00 ff 00 00 00 ff ff 9d ff ff
2023-12-24 14:35:33 RM 03 09 da a8 18 ff 00 06 00 ff 00 ff ff ff ff ff ff ff
2023-12-24 14:35:33 RM 03 09 da a9 a1 fd 00 06 00 ff 00 fe 00 00 00 00 0f ff
2023-12-24 14:35:33 RM 03 09 da a9 f5 fe 00 06 00 ff a8 ff ff 00 fe 00 ff ff
2023-12-24 14:35:33 RM 03 09 da aa 65 fd 00 06 00 ff 00 fe ff ff ff fe ff ff
2023-12-24 14:35:33 RM 03 09 da ab b4 fd 00 06 00 ff ff ff 00 fe ff ff ff ff
2023-12-24 14:35:33 RM 03 09 da ab b2 fd 00 06 00 ff 00 fe ff ff 00 fe ff ff
2023-12-24 14:35:33 RM 03 09 da ac b3 fd 00 06 00 ff 00 fe 00 fe ff ff ff ff
2023-12-24 14:35:33 RM 03 09 da ac 00 e0 00 06 00 ff fa ff ff ff ff ff ff ff
2023-12-24 14:35:33 RM 03 09 da ad f1 fe 00 06 00 ff f3 00 fe 10 ff 00 1f c5
2023-12-24 14:35:33 RM 03 09 da ae 94 fe 00 06 00 ff 00 00 00 3f 00 00 00 00
2023-12-24 14:35:33 RM 03 09 da ae 04 f0 00 03 00 ff f8 7d 7d 00 00 00 f0 7d
2023-12-24 14:35:33 RM 03 09 da af 01 f0 00 06 00 ff ff ff ff cf ff ff ff ff
2023-12-24 14:35:33 RM 03 09 da af 52 fd 00 04 00 ff ff ff ff 00 00 ff ff ff
2023-12-24 14:35:33 RM 03 09 da b0 9a ff 00 06 00 ff 00 00 00 00 00 f0 ff ff
2023-12-24 14:35:33 RM 03 09 da b1 e3 fc 00 04 00 ff fe 00 00 ff ff ff ff ff
2023-12-24 14:35:33 RM 03 09 da b1 94 fd 00 06 00 ff 00 00 ff ff 00 00 ff ff
2023-12-24 14:35:33 RM 03 09 da b2 fd fc 00 04 00 ff ff ff ff ff 29 64 ff ff
2023-12-24 14:35:33 RM 03 09 da b2 db fe 00 06 00 ff ff ff 00 fe ff ff ff ff
2023-12-24 14:35:33 RM 03 09 da b3 ef fe 00 06 00 ff fe ff ff fe 80 80 ff fa
2023-12-24 14:35:33 RM 03 09 da b3 ee fe 00 06 00 ff fe ff 00 fe ff ff ff ff
2023-12-24 14:35:33 RM 03 09 da b4 a4 fe 00 06 00 ff ff ff ff ff ff ff 00 fe
2023-12-24 14:35:33 RM 03 09 da b5 66 fd 00 06 00 ff fe ff ff ff ff ff ff ff
2023-12-24 14:35:33 RM 03 09 da b5 bd fe 00 06 00 ff 00 f0 00 00 ff ff ff ff
2023-12-24 14:35:33 RM 03 09 da b6 f2 fe 00 06 00 ff 00 00 00 fe ff ff fe ff
2023-12-24 14:35:33 RM 03 09 da b6 d0 fd 00 06 00 ff ff ff ff ff fe ff ff ff
2023-12-24 14:35:33 RM 03 09 da b7 9b ff 00 06 00 ff ff f0 f0 ff fe 00 fe f2
2023-12-24 14:35:33 RM 03 09 da b7 04 f0 00 03 00 ff f8 7d 7d 00 00 00 f0 7d
2023-12-24 14:35:33 RM 03 09 da b8 7c fd 00 06 00 ff f8 b3 41 00 d1 cf e3 ff
2023-12-24 14:35:33 RM 03 09 da b9 f0 fe 00 06 00 ff ff ff ff 00 00 c0 ff ff
2023-12-24 14:35:33 RM 03 09 da b9 e4 fe 00 06 00 ff 00 7f ff fc 00 7f ff ff
2023-12-24 14:35:33 RM 03 09 da ba 9a fe 00 06 00 ff ff ff 00 fe ff ff ff ff
2023-12-24 14:35:33 RM 03 09 da ba 96 fe 00 06 00 ff 0c fa ff ff ff ff ff ff
2023-12-24 14:35:33 RM 03 09 da bb c1 fe 00 06 00 ff 4c d9 d1 02 28 5c 8f 02
2023-12-24 14:35:33 RM 03 09 da bc f7 fe 00 06 00 ff ff ff ff ff ff ff f0 00
2023-12-24 14:35:33 RM 03 09 da c1 04 f0 00 03 00 ff f8 7d 7d 00 00 00 f0 7d
2023-12-24 14:35:33 RM 03 09 da c4 0e f0 00 06 00 ff ff ff 32 5b ff ff ff ff
2023-12-24 14:35:33 RM 03 09 da c5 03 f0 00 03 00 ff d1 00 00 ff ff ff 00 ff
2023-12-24 14:35:33 RM 03 09 da c5 0a f0 00 03 00 ff ff ff 00 00 ff ff ff ff
2023-12-24 14:35:33 RM 03 09 da c6 00 ef 00 06 00 ff ff ff ff ff 00 01 19 80
2023-12-24 14:35:33 RM 03 09 da c7 1a f0 00 04 00 ff 00 00 ff ff 00 00 b0 04
2023-12-24 14:35:33 RM 03 09 da cb 04 f0 00 03 00 ff f8 7d 7d 00 00 00 f0 7d
2023-12-24 14:35:33 RM 03 09 da d6 04 f0 00 03 00 ff f8 7d 7d 00 00 00 f0 7d
2023-12-24 14:35:33 RM 03 09 da df 04 f0 00 03 00 ff f8 7d 7d 00 00 00 f0 7d
2023-12-24 14:35:33 RM 03 09 da e9 04 f0 00 03 00 ff f8 7d 7d 00 00 00 f0 7d
2023-12-24 14:35:33 RM 03 09 da ea 01 f0 00 06 0b ff cf ff f0 ff ff dc ff ff
2023-12-24 14:35:33 RM 03 09 da f3 04 f0 00 03 00 ff f8 7d 7d 00 00 00 f0 7d
2023-12-24 14:35:33 RM 03 09 da f4 bf fe 00 06 0b ff ff fe fe fe fe fe fe fe
2023-12-24 14:35:33 RM 03 09 da f4 0e f0 00 06 00 ff ff ff 32 5b ff ff ff ff
2023-12-24 14:35:33 RM 03 09 da f5 03 f0 00 03 00 ff d1 00 00 ff ff ff 00 ff
2023-12-24 14:35:33 RM 03 09 da f6 0a f0 00 03 00 ff ff ff 00 00 ff ff ff ff
2023-12-24 14:35:33 RM 03 09 da f6 00 ef 00 06 00 ff ff ff ff ff 00 01 19 80
2023-12-24 14:35:33 RM 03 09 da f7 1a f0 00 04 00 ff 00 00 ff ff 00 00 b0 04
2023-12-24 14:35:33 RM 03 09 da fe 04 f0 00 03 00 ff f8 7d 7d 00 00 00 f0 7d
2023-12-24 14:35:33 RM 03 09 da fe bf fe 00 06 0b ff ff fe fe fe fe fe fe fe
2023-12-24 14:35:33 RM 03 09 db 07 04 f0 00 03 00 ff f8 7d 7d 00 00 00 f0 7d
2023-12-24 14:35:33 RM 03 09 db 0a 6f fe 00 04 00 ff ff ff ff ff ff ff ff ff
2023-12-24 14:35:33 RM 03 09 db 0b 35 ff 00 06 00 ff ff ff ff 00 ff fe ff ff
2023-12-24 14:35:33 RM 03 09 db 0b 18 ff 00 06 00 ff 00 ff ff ff ff ff ff ff
2023-12-24 14:35:33 RM 03 09 db 0c f1 fe 00 06 00 ff f3 00 fe 10 ff 00 1f c5
2023-12-24 14:35:33 RM 03 09 db 0c 01 f0 00 06 00 ff ff ff ff cf ff ff ff ff
2023-12-24 14:35:33 RM 03 09 db 0d e3 fc 00 04 00 ff fe 00 00 ff ff ff ff ff
2023-12-24 14:35:33 RM 03 09 db 0e 94 fd 00 06 00 ff 00 00 ff ff 00 00 ff ff
2023-12-24 14:35:33 RM 03 09 db 0e fd fc 00 04 00 ff ff ff ff ff 29 64 ff ff
2023-12-24 14:35:33 RM 03 09 db 0f f2 fe 00 06 00 ff 00 00 00 fe ff ff fe ff
2023-12-24 14:35:33 RM 03 09 db 0f f6 fe 00 06 00 ff fa fe fe fe ff 20 22 ff
2023-12-24 14:35:33 RM 03 09 db 10 50 ff 00 06 00 ff ff ff ff cf ff ff ff ff
2023-12-24 14:35:33 RM 03 09 db 11 f0 fe 00 06 00 ff ff ff ff 00 00 c0 ff ff
2023-12-24 14:35:33 RM 03 09 db 11 99 fe 00 06 00 ff ff ff 00 fe ff ff ff ff
2023-12-24 14:35:33 RM 03 09 db 12 04 f0 00 03 00 ff f8 7d 7d 00 00 00 f0 7d
2023-12-24 14:35:33 RM 03 09 db 12 96 fe 00 06 00 ff 0c fa ff ff ff ff ff ff
2023-12-24 14:35:33 RM 03 09 db 13 56 fe 00 06 00 ff 00 ff ff ff 1f 1f ff ff
2023-12-24 14:35:33 RM 03 09 db 1b 04 f0 00 03 00 ff f8 7d 7d 00 00 00 f0 7d
2023-12-24 14:35:33 RM 03 09 db 26 04 f0 00 03 00 ff f8 7d 7d 00 00 00 f0 7d
2023-12-24 14:35:33 RM 03 09 db 29 0e f0 00 06 00 ff ff ff 32 5b ff ff ff ff
2023-12-24 14:35:33 RM 03 09 db 29 03 f0 00 03 00 ff d1 00 00 ff ff ff 00 ff
2023-12-24 14:35:33 RM 03 09 db 2a 0a f0 00 03 00 ff ff ff 00 00 ff ff ff ff
2023-12-24 14:35:33 RM 03 09 db 2a 00 ef 00 06 00 ff ff ff ff ff 00 01 19 80
2023-12-24 14:35:33 RM 03 09 db 2b 1a f0 00 04 00 ff 00 00 ff ff 00 00 b0 04
2023-12-24 14:35:33 RM 03 09 db 2f 04 f0 00 03 00 ff f8 7d 7d 00 00 00 f0 7d
2023-12-24 14:35:33 RM 03 09 db 39 04 f0 00 03 00 ff f8 7d 7d 00 00 00 f0 7d
2023-12-24 14:35:33 RM 03 09 db 43 04 f0 00 03 00 ff f8 7d 7d 00 00 00 f0 7d
2023-12-24 14:35:33 RM 03 09 db 4e 04 f0 00 03 00 ff f8 7d 7d 00 00 00 f0 7d
2023-12-24 14:35:33 RM 03 09 db 4f 01 f0 00 06 0b ff cf ff f0 ff ff dc ff ff
2023-12-24 14:35:33 RM 03 09 db 57 04 f0 00 03 00 ff f8 7d 7d 00 00 00 f0 7d
2023-12-24 14:35:33 RM 03 09 db 58 0e f0 00 06 00 ff ff ff 32 5b ff ff ff ff
2023-12-24 14:35:33 RM 03 09 db 59 03 f0 00 03 00 ff d1 00 00 ff ff ff 00 ff
2023-12-24 14:35:33 RM 03 09 db 59 bf fe 00 06 0b ff ff fe fe fe fe fe fe fe
2023-12-24 14:35:33 RM 03 09 db 5a df fe 00 06 00 ff fe 00 fe fe 7d 00 00 ff
2023-12-24 14:35:33 RM 03 09 db 5a 0a f0 00 03 00 ff ff ff 00 00 ff ff ff ff
2023-12-24 14:35:33 RM 03 09 db 5b 00 ef 00 06 00 ff ff ff ff ff 00 01 19 80
2023-12-24 14:35:33 RM 03 09 db 5c 1a f0 00 04 00 ff 00 00 ff ff 00 00 b0 04
2023-12-24 14:35:33 RM 03 09 db 61 04 f0 00 03 00 ff f8 7d 7d 00 00 00 f0 7d
2023-12-24 14:35:33 RM 03 09 db 63 bf fe 00 06 0b ff ff fe fe fe fe fe fe fe
2023-12-24 14:35:33 RM 03 09 db 6b 04 f0 00 03 00 ff f8 7d 7d 00 00 00 f0 7d
2023-12-24 14:35:33 RM 03 09 db 6e 6f fe 00 04 00 ff ff ff ff ff ff ff ff ff
2023-12-24 14:35:33 RM 03 09 db 6f 35 ff 00 06 00 ff ff ff ff 00 ff fe ff ff
2023-12-24 14:35:33 RM 03 09 db 6f 18 ff 00 06 00 ff 00 ff ff ff ff ff ff ff
2023-12-24 14:35:33 RM 03 09 db 70 f1 fe 00 06 00 ff f3 00 fe 10 ff 00 1f c5
2023-12-24 14:35:33 RM 03 09 db 71 01 f0 00 06 00 ff ff ff ff cf ff ff ff ff
2023-12-24 14:35:33 RM 03 09 db 71 e3 fc 00 04 00 ff fe 00 00 ff ff ff ff ff
2023-12-24 14:35:33 RM 03 09 db 72 94 fd 00 06 00 ff 00 00 ff ff 00 00 ff ff
2023-12-24 14:35:33 RM 03 09 db 72 fd fc 00 04 00 ff ff ff ff ff 29 64 ff ff
2023-12-24 14:35:33 RM 03 09 db 73 f2 fe 00 06 00 ff 00 00 00 fe ff ff fe ff
2023-12-24 14:35:33 RM 03 09 db 73 f0 fe 00 06 00 ff ff ff ff 00 00 c0 ff ff
2023-12-24 14:35:33 RM 03 09 db 74 96 fe 00 06 00 ff 0c fa ff ff ff ff ff ff
2023-12-24 14:35:33 RM 03 09 db 76 04 f0 00 03 00 ff f8 7d 7d 00 00 00 f0 7d
2023-12-24 14:35:33 RM 03 09 db 7f 04 f0 00 03 00 ff f8 7d 7d 00 00 00 f0 7d
2023-12-24 14:35:33 RM 03 09 db 89 04 f0 00 03 00 ff f8 7d 7d 00 00 00 f0 7d
2023-12-24 14:35:33 RM 03 09 db 8c 0e f0 00 06 00 ff ff ff 32 5b ff ff ff ff
2023-12-24 14:35:33 RM 03 09 db 8d 03 f0 00 03 00 ff d1 00 00 ff ff ff 00 ff
2023-12-24 14:35:33 RM 03 09 db 8e 0a f0 00 03 00 ff ff ff 00 00 ff ff ff ff
2023-12-24 14:35:33 RM 03 09 db 8e 00 ef 00 06 00 ff ff ff ff ff 00 01 19 80
2023-12-24 14:35:33 RM 03 09 db 8f 1a f0 00 04 00 ff 00 00 ff ff 00 00 b0 04
2023-12-24 14:35:33 RM 03 09 db 93 04 f0 00 03 00 ff f8 7d 7d 00 00 00 f0 7d
2023-12-24 14:35:33 RM 03 09 db 9e 04 f0 00 03 00 ff f8 7d 7d 00 00 00 f0 7d
2023-12-24 14:35:33 RM 03 09 db a7 04 f0 00 03 00 ff f8 7d 7d 00 00 00 f0 7d
2023-12-24 14:35:33 RM 03 09 db b1 04 f0 00 03 00 ff f8 7d 7d 00 00 00 f0 7d
2023-12-24 14:35:33 RM 03 09 db b4 01 f0 00 06 0b ff cf ff f0 ff ff dc ff ff
2023-12-24 14:35:33 RM 03 09 db bb 04 f0 00 03 00 ff f8 7d 7d 00 00 00 f0 7d
2023-12-24 14:35:33 RM 03 09 db bc 0e f0 00 06 00 ff ff ff 32 5b ff ff ff ff
2023-12-24 14:35:33 RM 03 09 db bd 03 f0 00 03 00 ff d1 00 00 ff ff ff 00 ff
2023-12-24 14:35:33 RM 03 09 db bd 0a f0 00 03 00 ff ff ff 00 00 ff ff ff ff
2023-12-24 14:35:33 RM 03 09 db be 00 ef 00 06 00 ff ff ff ff ff 00 01 19 80
2023-12-24 14:35:33 RM 03 09 db be 1a f0 00 04 00 ff 00 00 ff ff 00 00 b0 04
2023-12-24 14:35:33 RM 03 09 db bf bf fe 00 06 0b ff ff fe fe fe fe fe fe fe
2023-12-24 14:35:33 RM 03 09 db c6 04 f0 00 03 00 ff f8 7d 7d 00 00 00 f0 7d
2023-12-24 14:35:33 RM 03 09 db c8 bf fe 00 06 0b ff ff fe fe fe fe fe fe fe
2023-12-24 14:35:33 RM 03 09 db cf 04 f0 00 03 00 ff f8 7d 7d 00 00 00 f0 7d
2023-12-24 14:35:33 RM 03 09 db d2 6f fe 00 04 00 ff ff ff ff ff ff ff ff ff
2023-12-24 14:35:33 RM 03 09 db d3 35 ff 00 06 00 ff ff ff ff 00 ff fe ff ff
2023-12-24 14:35:33 RM 03 09 db d3 18 ff 00 06 00 ff 00 ff ff ff ff ff ff ff
2023-12-24 14:35:33 RM 03 09 db d4 f1 fe 00 06 00 ff f3 00 fe 10 ff 00 1f c5
2023-12-24 14:35:33 RM 03 09 db d5 01 f0 00 06 00 ff ff ff ff cf ff ff ff ff
2023-12-24 14:35:33 RM 03 09 db d5 e3 fc 00 04 00 ff fe 00 00 ff ff ff ff ff
2023-12-24 14:35:33 RM 03 09 db d6 94 fd 00 06 00 ff 00 00 ff ff 00 00 ff ff
2023-12-24 14:35:33 RM 03 09 db d6 fd fc 00 04 00 ff ff ff ff ff 29 64 ff ff
2023-12-24 14:35:33 RM 03 09 db d7 f2 fe 00 06 00 ff 00 00 00 fe ff ff fe ff
2023-12-24 14:35:33 RM 03 09 db d8 f0 fe 00 06 00 ff ff ff ff 00 00 c0 ff ff
2023-12-24 14:35:33 RM 03 09 db d8 96 fe 00 06 00 ff 0c fa ff ff ff ff ff ff
2023-12-24 14:35:33 RM 03 09 db da 04 f0 00 03 00 ff f8 7d 7d 00 00 00 f0 7d
2023-12-24 14:35:33 RM 03 09 db e3 04 f0 00 03 00 ff f8 7d 7d 00 00 00 f0 7d
2023-12-24 14:35:33 RM 03 09 db ee 04 f0 00 03 00 ff f8 7d 7d 00 00 00 f0 7d
2023-12-24 14:35:33 RM 03 09 db f1 0e f0 00 06 00 ff ff ff 32 5b ff ff ff ff
2023-12-24 14:35:33 RM 03 09 db f1 03 f0 00 03 00 ff d1 00 00 ff ff ff 00 ff
2023-12-24 14:35:33 RM 03 09 db f2 0a f0 00 03 00 ff ff ff 00 00 ff ff ff ff
2023-12-24 14:35:33 RM 03 09 db f3 00 ef 00 06 00 ff ff ff ff ff 00 01 19 80
2023-12-24 14:35:33 RM 03 09 db f3 1a f0 00 04 00 ff 00 00 ff ff 00 00 b0 04
2023-12-24 14:35:33 RM 03 09 db f8 04 f0 00 03 00 ff f8 7d 7d 00 00 00 f0 7d
2023-12-24 14:35:33 RM 03 09 dc 02 04 f0 00 03 00 ff f8 7d 7d 00 00 00 f0 7d
2023-12-24 14:35:33 RM 03 09 dc 0c 04 f0 00 03 00 ff f8 7d 7d 00 00 00 f0 7d
2023-12-24 14:35:33 RM 03 09 dc 16 04 f0 00 03 00 ff f8 7d 7d 00 00 00 f0 7d
2023-12-24 14:35:33 RM 03 09 dc 18 01 f0 00 06 0b ff cf ff f0 ff ff dc ff ff
2023-12-24 14:35:33 RM 03 09 dc 20 04 f0 00 03 00 ff f8 7d 7d 00 00 00 f0 7d
2023-12-24 14:35:33 RM 03 09 dc 20 0e f0 00 06 00 ff ff ff 32 5b ff ff ff ff
2023-12-24 14:35:33 RM 03 09 dc 21 03 f0 00 03 00 ff d1 00 00 ff ff ff 00 ff
2023-12-24 14:35:33 RM 03 09 dc 21 0a f0 00 03 00 ff ff ff 00 00 ff ff ff ff
2023-12-24 14:35:33 RM 03 09 dc 22 00 ef 00 06 00 ff ff ff ff ff 00 01 19 80
2023-12-24 14:35:33 RM 03 09 dc 23 1a f0 00 04 00 ff 00 00 ff ff 00 00 b0 04
2023-12-24 14:35:33 RM 03 09 dc 23 bf fe 00 06 0b ff ff fe fe fe fe fe fe fe
2023-12-24 14:35:33 RM 03 09 dc 2a 04 f0 00 03 00 ff f8 7d 7d 00 00 00 f0 7d
2023-12-24 14:35:33 RM 03 09 dc 2d bf fe 00 06 0b ff ff fe fe fe fe fe fe fe
2023-12-24 14:35:33 RM 03 09 dc 34 04 f0 00 03 00 ff f8 7d 7d 00 00 00 f0 7d
2023-12-24 14:35:33 RM 03 09 dc 36 6f fe 00 04 00 ff ff ff ff ff ff ff ff ff
2023-12-24 14:35:33 RM 03 09 dc 37 35 ff 00 06 00 ff ff ff ff 00 ff fe ff ff
2023-12-24 14:35:33 RM 03 09 dc 38 18 ff 00 06 00 ff 00 ff ff ff ff ff ff ff
2023-12-24 14:35:33 RM 03 09 dc 38 f1 fe 00 06 00 ff f3 00 fe 10 ff 00 1f c5
2023-12-24 14:35:33 RM 03 09 dc 39 01 f0 00 06 00 ff ff ff ff cf ff ff ff ff
2023-12-24 14:35:33 RM 03 09 dc 39 e3 fc 00 04 00 ff fe 00 00 ff ff ff ff ff
2023-12-24 14:35:33 RM 03 09 dc 3a 94 fd 00 06 00 ff 00 00 ff ff 00 00 ff ff
2023-12-24 14:35:33 RM 03 09 dc 3a fd fc 00 04 00 ff ff ff ff ff 29 64 ff ff
2023-12-24 14:35:33 RM 03 09 dc 3b f2 fe 00 06 00 ff 00 00 00 fe ff ff fe ff
2023-12-24 14:35:33 RM 03 09 dc 3c f0 fe 00 06 00 ff ff ff ff 00 00 c0 ff ff
2023-12-24 14:35:33 RM 03 09 dc 3c 96 fe 00 06 00 ff 0c fa ff ff ff ff ff ff
2023-12-24 14:35:33 RM 03 09 dc 3e 04 f0 00 03 00 ff f8 7d 7d 00 00 00 f0 7d
2023-12-24 14:35:33 RM 03 09 dc 48 04 f0 00 03 00 ff f8 7d 7d 00 00 00 f0 7d
2023-12-24 14:35:33 RM 03 09 dc 52 04 f0 00 03 00 ff f8 7d 7d 00 00 00 f0 7d
2023-12-24 14:35:33 RM 03 09 dc 55 0e f0 00 06 00 ff ff ff 32 5b ff ff ff ff
2023-12-24 14:35:33 RM 03 09 dc 55 03 f0 00 03 00 ff d1 00 00 ff ff ff 00 ff
2023-12-24 14:35:33 RM 03 09 dc 56 df fe 00 06 00 ff fe 00 fe fe 7d 02 00 ff
2023-12-24 14:35:33 RM 03 09 dc 56 0a f0 00 03 00 ff ff ff 00 00 ff ff ff ff
2023-12-24 14:35:33 RM 03 09 dc 57 00 ef 00 06 00 ff ff ff ff ff 00 01 19 80
2023-12-24 14:35:33 RM 03 09 dc 58 1a f0 00 04 00 ff 00 00 ff ff 00 00 b0 04
2023-12-24 14:35:33 RM 03 09 dc 5c 04 f0 00 03 00 ff f8 7d 7d 00 00 00 f0 7d
2023-12-24 14:35:33 RM 03 09 dc 66 04 f0 00 03 00 ff f8 7d 7d 00 00 00 f0 7d
2023-12-24 14:35:33 RM 03 09 dc 70 04 f0 00 03 00 ff f8 7d 7d 00 00 00 f0 7d
2023-12-24 14:35:33 RM 03 09 dc 7a 04 f0 00 03 00 ff f8 7d 7d 00 00 00 f0 7d
2023-12-24 14:35:33 RM 03 09 dc 7d 01 f0 00 06 0b ff cf ff f0 ff ff dc ff ff
2023-12-24 14:35:33 RM 03 09 dc 84 04 f0 00 03 00 ff f8 7d 7d 00 00 00 f0 7d
2023-12-24 14:35:33 RM 03 09 dc 84 0e f0 00 06 00 ff ff ff 32 5b ff ff ff ff
2023-12-24 14:35:33 RM 03 09 dc 85 03 f0 00 03 00 ff d1 00 00 ff ff ff 00 ff
2023-12-24 14:35:33 RM 03 09 dc 86 0a f0 00 03 00 ff ff ff 00 00 ff ff ff ff
2023-12-24 14:35:33 RM 03 09 dc 86 00 ef 00 06 00 ff ff ff ff ff 00 01 19 80
2023-12-24 14:35:33 RM 03 09 dc 87 1a f0 00 04 00 ff 00 00 ff ff 00 00 b0 04
2023-12-24 14:35:33 RM 03 09 dc 87 bf fe 00 06 0b ff ff fe fe fe fe fe fe fe
2023-12-24 14:35:33 RM 03 09 dc 8e 04 f0 00 03 00 ff f8 7d 7d 00 00 00 f0 7d
2023-12-24 14:35:33 RM 03 09 dc 92 bf fe 00 06 0b ff ff fe fe fe fe fe fe fe
2023-12-24 14:35:33 RM 03 09 dc 98 04 f0 00 03 00 ff f8 7d 7d 00 00 00 f0 7d
2023-12-24 14:35:33 RM 03 09 dc 9a 20 fd 00 06 00 ff 00 fe 00 fe ff ff ff ff
2023-12-24 14:35:33 RM 03 09 dc 9b 6f fe 00 04 00 ff ff ff ff ff ff ff ff ff
2023-12-24 14:35:33 RM 03 09 dc 9c 35 ff 00 06 00 ff ff ff ff 00 ff fe ff ff
2023-12-24 14:35:33 RM 03 09 dc 9c 18 ff 00 06 00 ff 00 ff ff ff ff ff ff ff
2023-12-24 14:35:33 RM 03 09 dc 9d a1 fd 00 06 00 ff 00 fe 00 00 00 00 0f ff
2023-12-24 14:35:33 RM 03 09 dc 9d 65 fd 00 06 00 ff 00 fe ff ff ff fe ff ff
2023-12-24 14:35:33 RM 03 09 dc 9e b4 fd 00 06 00 ff ff ff 00 fe ff ff ff ff
2023-12-24 14:35:33 RM 03 09 dc 9f b2 fd 00 06 00 ff 00 fe ff ff 00 fe ff ff
2023-12-24 14:35:33 RM 03 09 dc 9f b3 fd 00 06 00 ff 00 fe 00 fe ff ff ff ff
2023-12-24 14:35:33 RM 03 09 dc a0 f1 fe 00 06 00 ff f3 00 fe 10 ff 00 1f c5
2023-12-24 14:35:33 RM 03 09 dc a0 b0 ff 00 06 00 ff 7f 7f 7f 7f 7f 7f ff ff
2023-12-24 14:35:33 RM 03 09 dc a1 94 fe 00 06 00 ff 00 00 00 3f 00 00 00 00
2023-12-24 14:35:33 RM 03 09 dc a2 01 f0 00 06 00 ff ff ff ff cf ff ff ff ff
2023-12-24 14:35:33 RM 03 09 dc a2 04 f0 00 03 00 ff f8 7d 7d 00 00 00 f0 7d
2023-12-24 14:35:33 RM 03 09 dc a3 e3 fc 00 04 00 ff fe 00 00 ff ff ff ff ff
2023-12-24 14:35:33 RM 03 09 dc a3 94 fd 00 06 00 ff 00 00 ff ff 00 00 ff ff
2023-12-24 14:35:33 RM 03 09 dc a4 fd fc 00 04 00 ff ff ff ff ff 29 64 ff ff
2023-12-24 14:35:33 RM 03 09 dc a4 db fe 00 06 00 ff ff ff 00 fe ff ff ff ff
2023-12-24 14:35:33 RM 03 09 dc a5 ef fe 00 06 00 ff fe ff ff fe 80 80 ff fa
2023-12-24 14:35:33 RM 03 09 dc a6 69 fe 00 06 00 ff 00 fe ff ff ff ff 00 fe
2023-12-24 14:35:33 RM 03 09 dc a6 f2 fe 00 06 00 ff 00 00 00 fe ff ff fe ff
2023-12-24 14:35:33 RM 03 09 dc a7 d0 fd 00 06 00 ff ff ff ff ff fe ff ff ff
2023-12-24 14:35:33 RM 03 09 dc a7 9b ff 00 06 00 ff ff f0 f0 ff fe 00 fe f2
2023-12-24 14:35:33 RM 03 09 dc a8 f0 fe 00 06 00 ff ff ff ff 00 00 c0 ff ff
2023-12-24 14:35:33 RM 03 09 dc a8 96 fe 00 06 00 ff 0c fa ff ff ff ff ff ff
2023-12-24 14:35:33 RM 03 09 dc ac 04 f0 00 03 00 ff f8 7d 7d 00 00 00 f0 7d
2023-12-24 14:35:33 RM 03 09 dc b6 04 f0 00 03 00 ff f8 7d 7d 00 00 00 f0 7d
2023-12-24 14:35:33 RM 03 09 dc b9 0e f0 00 06 00 ff ff ff 32 5b ff ff ff ff
2023-12-24 14:35:33 RM 03 09 dc b9 03 f0 00 03 00 ff d1 00 00 ff ff ff 00 ff
2023-12-24 14:35:33 RM 03 09 dc ba 0a f0 00 03 00 ff ff ff 00 00 ff ff ff ff
2023-12-24 14:35:33 RM 03 09 dc bb 00 ef 00 06 00 ff ff ff ff ff 00 01 19 80
2023-12-24 14:35:33 RM 03 09 dc bb 1a f0 00 04 00 ff 00 00 ff ff 00 00 b0 04
2023-12-24 14:35:33 RM 03 09 dc c0 04 f0 00 03 00 ff f8 7d 7d 00 00 00 f0 7d
2023-12-24 14:35:33 RM 03 09 dc ca 04 f0 00 03 00 ff f8 7d 7d 00 00 00 f0 7d
2023-12-24 14:35:33 RM 03 09 dc d4 04 f0 00 03 00 ff f8 7d 7d 00 00 00 f0 7d
2023-12-24 14:35:33 RM 03 09 dc d4 00 ea 00 06 00 96 e6 fe 00
2023-12-24 14:35:33 RM 03 09 dc de 04 f0 00 03 00 ff f8 7d 7d 00 00 00 f0 7d
2023-12-24 14:35:33 RM 03 09 dc e2 01 f0 00 06 0b ff cf ff f0 ff ff dc ff ff
2023-12-24 14:35:33 RM 03 09 dc e8 04 f0 00 03 00 ff f8 7d 7d 00 00 00 f0 7d
2023-12-24 14:35:33 RM 03 09 dc e8 0e f0 00 06 00 ff ff ff 32 5b ff ff ff ff
2023-12-24 14:35:33 RM 03 09 dc e9 03 f0 00 03 00 ff d1 00 00 ff ff ff 00 ff
2023-12-24 14:35:33 RM 03 09 dc ea 0a f0 00 03 00 ff ff ff 00 00 ff ff ff ff
2023-12-24 14:35:33 RM 03 09 dc ea 00 ef 00 06 00 ff ff ff ff ff 00 01 19 80
2023-12-24 14:35:33 RM 03 09 dc eb 1a f0 00 04 00 ff 00 00 ff ff 00 00 b0 04
2023-12-24 14:35:33 RM 03 09 dc ec bf fe 00 06 0b ff ff fe fe fe fe fe fe fe
2023-12-24 14:35:33 RM 03 09 dc f2 04 f0 00 03 00 ff f8 7d 7d 00 00 00 f0 7d
2023-12-24 14:35:33 RM 03 09 dc f6 bf fe 00 06 0b ff ff fe fe fe fe fe fe fe
2023-12-24 14:35:33 RM 03 09 dc fc 04 f0 00 03 00 ff f8 7d 7d 00 00 00 f0 7d
2023-12-24 14:35:33 RM 03 09 dc ff 6f fe 00 04 00 ff ff ff ff ff ff ff ff ff
2023-12-24 14:35:33 RM 03 09 dc ff 35 ff 00 06 00 ff ff ff ff 00 ff fe ff ff
2023-12-24 14:35:34 RM 03 09 dd 00 18 ff 00 06 00 ff 00 ff ff ff ff ff ff ff
2023-12-24 14:35:34 RM 03 09 dd 00 f1 fe 00 06 00 ff f3 00 fe 10 ff 00 1f c5
2023-12-24 14:35:34 RM 03 09 dd 01 01 f0 00 06 00 ff ff ff ff cf ff ff ff ff
2023-12-24 14:35:34 RM 03 09 dd 02 e3 fc 00 04 00 ff fe 00 00 ff ff ff ff ff
2023-12-24 14:35:34 RM 03 09 dd 02 94 fd 00 06 00 ff 00 00 ff ff 00 00 ff ff
2023-12-24 14:35:34 RM 03 09 dd 03 fd fc 00 04 00 ff ff ff ff ff 29 64 ff ff
2023-12-24 14:35:34 RM 03 09 dd 03 f2 fe 00 06 00 ff 00 00 00 fe ff ff fe ff
2023-12-24 14:35:34 RM 03 09 dd 04 f6 fe 00 06 00 ff fa fe fe fe ff 20 22 ff
2023-12-24 14:35:34 RM 03 09 dd 04 f0 fe 00 06 00 ff ff ff ff 00 00 c0 ff ff
2023-12-24 14:35:34 RM 03 09 dd 05 96 fe 00 06 00 ff 0c fa ff ff ff ff ff ff
2023-12-24 14:35:34 RM 03 09 dd 06 04 f0 00 03 00 ff f8 7d 7d 00 00 00 f0 7d
2023-12-24 14:35:34 RM 03 09 dd 10 04 f0 00 03 00 ff f8 7d 7d 00 00 00 f0 7d
2023-12-24 14:35:34 RM 03 09 dd 1a ca fe 00 06 00 ff 40 ff 66 00 03 01 ff ff
2023-12-24 14:35:34 RM 03 09 dd 1a 04 f0 00 03 00 ff f8 7d 7d 00 00 00 f0 7d
2023-12-24 14:35:34 RM 03 09 dd 1d 0e f0 00 06 00 ff ff ff 32 5b ff ff ff ff
2023-12-24 14:35:34 RM 03 09 dd 1d 03 f0 00 03 00 ff d1 00 00 ff ff ff 00 ff
2023-12-24 14:35:34 RM 03 09 dd 1e 0a f0 00 03 00 ff ff ff 00 00 ff ff ff ff
2023-12-24 14:35:34 RM 03 09 dd 1f 00 ef 00 06 00 ff ff ff ff ff 00 01 19 80
2023-12-24 14:35:34 RM 03 09 dd 1f 1a f0 00 04 00 ff 00 00 ff ff 00 00 b0 04
2023-12-24 14:35:34 RM 03 09 dd 24 04 f0 00 03 00 ff f8 7d 7d 00 00 00 f0 7d
2023-12-24 14:35:34 RM 03 09 dd 2e 04 f0 00 03 00 ff f8 7d 7d 00 00 00 f0 7d
2023-12-24 14:35:34 RM 03 09 dd 38 04 f0 00 03 00 ff f8 7d 7d 00 00 00 f0 7d
2023-12-24 14:35:34 RM 03 09 dd 42 04 f0 00 03 00 ff f8 7d 7d 00 00 00 f0 7d
2023-12-24 14:35:34 RM 03 09 dd 47 01 f0 00 06 0b ff cf ff f0 ff ff dc ff ff
2023-12-24 14:35:34 RM 03 09 dd 4c 04 f0 00 03 00 ff f8 7d 7d 00 00 00 f0 7d
2023-12-24 14:35:34 RM 03 09 dd 4d 0e f0 00 06 00 ff ff ff 32 5b ff ff ff ff
2023-12-24 14:35:34 RM 03 09 dd 4d 03 f0 00 03 00 ff d1 00 00 ff ff ff 00 ff
2023-12-24 14:35:34 RM 03 09 dd 4e df fe 00 06 00 ff fe 00 fe fe 7d 02 00 ff
2023-12-24 14:35:34 RM 03 09 dd 4e 0a f0 00 03 00 ff ff ff 00 00 ff ff ff ff
2023-12-24 14:35:34 RM 03 09 dd 4f 00 ef 00 06 00 ff ff ff ff ff 00 01 19 80
2023-12-24 14:35:34 RM 03 09 dd 4f 1a f0 00 04 00 ff 00 00 ff ff 00 00 b0 04
2023-12-24 14:35:34 RM 03 09 dd 51 bf fe 00 06 0b ff ff fe fe fe fe fe fe fe
2023-12-24 14:35:34 RM 03 09 dd 56 04 f0 00 03 00 ff f8 7d 7d 00 00 00 f0 7d
2023-12-24 14:35:34 RM 03 09 dd 5b bf fe 00 06 0b ff ff fe fe fe fe fe fe fe
2023-12-24 14:35:34 RM 03 09 dd 60 04 f0 00 03 00 ff f8 7d 7d 00 00 00 f0 7d
2023-12-24 14:35:34 RM 03 09 dd 63 6f fe 00 04 00 ff ff ff ff ff ff ff ff ff
2023-12-24 14:35:34 RM 03 09 dd 63 35 ff 00 06 00 ff ff ff ff 00 ff fe ff ff
2023-12-24 14:35:34 RM 03 09 dd 64 18 ff 00 06 00 ff 00 ff ff ff ff ff ff ff
2023-12-24 14:35:34 RM 03 09 dd 64 f1 fe 00 06 00 ff f3 00 fe 10 ff 00 1f c5
2023-12-24 14:35:34 RM 03 09 dd 65 01 f0 00 06 00 ff ff ff ff cf ff ff ff ff
2023-12-24 14:35:34 RM 03 09 dd 66 e3 fc 00 04 00 ff fe 00 00 ff ff ff ff ff
2023-12-24 14:35:34 RM 03 09 dd 66 94 fd 00 06 00 ff 00 00 ff ff 00 00 ff ff
2023-12-24 14:35:34 RM 03 09 dd 67 fd fc 00 04 00 ff ff ff ff ff 29 64 ff ff
2023-12-24 14:35:34 RM 03 09 dd 67 f2 fe 00 06 00 ff 00 00 00 fe ff ff fe ff
2023-12-24 14:35:34 RM 03 09 dd 68 f0 fe 00 06 00 ff ff ff ff 00 00 c0 ff ff
2023-12-24 14:35:34 RM 03 09 dd 69 96 fe 00 06 00 ff 0c fa ff ff ff ff ff ff
2023-12-24 14:35:34 RM 03 09 dd 6a 04 f0 00 03 00 ff f8 7d 7d 00 00 00 f0 7d
2023-12-24 14:35:34 RM 03 09 dd 74 04 f0 00 03 00 ff f8 7d 7d 00 00 00 f0 7d
2023-12-24 14:35:34 RM 03 09 dd 7e 04 f0 00 03 00 ff f8 7d 7d 00 00 00 f0 7d
2023-12-24 14:35:34 RM 03 09 dd 81 0e f0 00 06 00 ff ff ff 32 5b ff ff ff ff
2023-12-24 14:35:34 RM 03 09 dd 82 03 f0 00 03 00 ff d1 00 00 ff ff ff 00 ff
2023-12-24 14:35:34 RM 03 09 dd 82 0a f0 00 03 00 ff ff ff 00 00 ff ff ff ff
2023-12-24 14:35:34 RM 03 09 dd 83 00 ef 00 06 00 ff ff ff ff ff 00 01 19 80
2023-12-24 14:35:34 RM 03 09 dd 83 1a f0 00 04 00 ff 00 00 ff ff 00 00 b0 04
2023-12-24 14:35:34 RM 03 09 dd 88 04 f0 00 03 00 ff f8 7d 7d 00 00 00 f0 7d
2023-12-24 14:35:34 RM 03 09 dd 8e ca fe 00 80 0b ff 04 ff 63 02 0e 7f 7f 02 0e 7f 2b 03 02 7f 1e 03 05 7f 1f 03 05 7f 1b 03 05 7f 20 03 05 7f 1d 03 05 7f 1c 03 05 7f 15 03 02 7f 16 03 02 7f 18 03 02 7f 17 03 02 7f 19 03 02 7f
2023-12-24 14:35:34 RM 03 09 dd 92 04 f0 00 03 00 ff f8 7d 7d 00 00 00 f0 7d
2023-12-24 14:35:34 RM 03 09 dd 9c 04 f0 00 03 00 ff f8 7d 7d 00 00 00 f0 7d
2023-12-24 14:35:34 RM 03 09 dd a6 04 f0 00 03 00 ff f8 7d 7d 00 00 00 f0 7d
2023-12-24 14:35:34 RM 03 09 dd ac 01 f0 00 06 0b ff cf ff f0 ff ff dc ff ff
2023-12-24 14:35:34 RM 03 09 dd b0 04 f0 00 03 00 ff f8 7d 7d 00 00 00 f0 7d
2023-12-24 14:35:34 RM 03 09 dd b1 0e f0 00 06 00 ff ff ff 32 5b ff ff ff ff
2023-12-24 14:35:34 RM 03 09 dd b1 03 f0 00 03 00 ff d1 00 00 ff ff ff 00 ff
2023-12-24 14:35:34 RM 03 09 dd b2 0a f0 00 03 00 ff ff ff 00 00 ff ff ff ff
2023-12-24 14:35:34 RM 03 09 dd b2 00 ef 00 06 00 ff ff ff ff ff 00 01 19 80
2023-12-24 14:35:34 RM 03 09 dd b3 1a f0 00 04 00 ff 00 00 ff ff 00 00 b0 04
2023-12-24 14:35:34 RM 03 09 dd b6 bf fe 00 06 0b ff ff fe fe fe fe fe fe fe
2023-12-24 14:35:34 RM 03 09 dd ba 04 f0 00 03 00 ff f8 7d 7d 00 00 00 f0 7d
2023-12-24 14:35:34 RM 03 09 dd c0 bf fe 00 06 0b ff ff fe fe fe fe fe fe fe
2023-12-24 14:35:34 RM 03 09 dd c4 04 f0 00 03 00 ff f8 7d 7d 00 00 00 f0 7d
2023-12-24 14:35:34 RM 03 09 dd c7 6f fe 00 04 00 ff ff ff ff ff ff ff ff ff
2023-12-24 14:35:34 RM 03 09 dd c7 35 ff 00 06 00 ff ff ff ff 00 ff fe ff ff
2023-12-24 14:35:34 RM 03 09 dd c8 18 ff 00 06 00 ff 00 ff ff ff ff ff ff ff
2023-12-24 14:35:34 RM 03 09 dd c9 f1 fe 00 06 00 ff f3 00 fe 10 ff 00 1f c5
2023-12-24 14:35:34 RM 03 09 dd c9 01 f0 00 06 00 ff ff ff ff cf ff ff ff ff
2023-12-24 14:35:34 RM 03 09 dd ca e3 fc 00 04 00 ff fe 00 00 ff ff ff ff ff
2023-12-24 14:35:34 RM 03 09 dd ca 94 fd 00 06 00 ff 00 00 ff ff 00 00 ff ff
2023-12-24 14:35:34 RM 03 09 dd cb fd fc 00 04 00 ff ff ff ff ff 29 64 ff ff
2023-12-24 14:35:34 RM 03 09 dd cb f2 fe 00 06 00 ff 00 00 00 fe ff ff fe ff
2023-12-24 14:35:34 RM 03 09 dd cc f0 fe 00 06 00 ff ff ff ff 00 00 c0 ff ff
2023-12-24 14:35:34 RM 03 09 dd cd 96 fe 00 06 00 ff 0c fa ff ff ff ff ff ff
2023-12-24 14:35:34 RM 03 09 dd ce 04 f0 00 03 00 ff f8 7d 7d 00 00 00 f0 7d
2023-12-24 14:35:34 RM 03 09 dd d8 04 f0 00 03 00 ff f8 7d 7d 00 00 00 f0 7d
2023-12-24 14:35:34 RM 03 09 dd e2 04 f0 00 03 00 ff f8 7d 7d 00 00 00 f0 7d
2023-12-24 14:35:34 RM 03 09 dd e5 0e f0 00 06 00 ff ff ff 32 5b ff ff ff ff
2023-12-24 14:35:34 RM 03 09 dd e6 03 f0 00 03 00 ff d1 00 00 ff ff ff 00 ff
2023-12-24 14:35:34 RM 03 09 dd e6 0a f0 00 03 00 ff ff ff 00 00 ff ff ff ff
2023-12-24 14:35:34 RM 03 09 dd e7 00 ef 00 06 00 ff ff ff ff ff 00 01 19 80
2023-12-24 14:35:34 RM 03 09 dd e7 1a f0 00 04 00 ff 00 00 ff ff 00 00 b0 04
2023-12-24 14:35:34 RM 03 09 dd ec 04 f0 00 03 00 ff f8 7d 7d 00 00 00 f0 7d
2023-12-24 14:35:34 RM 03 09 dd f6 04 f0 00 03 00 ff f8 7d 7d 00 00 00 f0 7d
2023-12-24 14:35:34 RM 03 09 de 00 04 f0 00 03 00 ff f8 7d 7d 00 00 00 f0 7d
2023-12-24 14:35:34 RM 03 09 de 0a 04 f0 00 03 00 ff f8 7d 7d 00 00 00 f0 7d
2023-12-24 14:35:34 RM 03 09 de 11 01 f0 00 06 0b ff cf ff f0 ff ff dc ff ff
2023-12-24 14:35:34 RM 03 09 de 14 04 f0 00 03 00 ff f8 7d 7d 00 00 00 f0 7d
2023-12-24 14:35:34 RM 03 09 de 15 0e f0 00 06 00 ff ff ff 32 5b ff ff ff ff
2023-12-24 14:35:34 RM 03 09 de 15 03 f0 00 03 00 ff d1 00 00 ff ff ff 00 ff
2023-12-24 14:35:34 RM 03 09 de 16 0a f0 00 03 00 ff ff ff 00 00 ff ff ff ff
2023-12-24 14:35:34 RM 03 09 de 16 00 ef 00 06 00 ff ff ff ff ff 00 01 19 80
2023-12-24 14:35:34 RM 03 09 de 17 1a f0 00 04 00 ff 00 00 ff ff 00 00 b0 04
2023-12-24 14:35:34 RM 03 09 de 1b bf fe 00 06 0b ff ff fe fe fe fe fe fe fe
2023-12-24 14:35:34 RM 03 09 de 1e 04 f0 00 03 00 ff f8 7d 7d 00 00 00 f0 7d
2023-12-24 14:35:34 RM 03 09 de 25 bf fe 00 06 0b ff ff fe fe fe fe fe fe fe
2023-12-24 14:35:34 RM 03 09 de 28 04 f0 00 03 00 ff f8 7d 7d 00 00 00 f0 7d
2023-12-24 14:35:34 RM 03 09 de 2b 6f fe 00 04 00 ff ff ff ff ff ff ff ff ff
2023-12-24 14:35:34 RM 03 09 de 2c 35 ff 00 06 00 ff ff ff ff 00 ff fe ff ff
2023-12-24 14:35:34 RM 03 09 de 2c 18 ff 00 06 00 ff 00 ff ff ff ff ff ff ff
2023-12-24 14:35:34 RM 03 09 de 2d f1 fe 00 06 00 ff f3 00 fe 10 ff 00 1f c5
2023-12-24 14:35:34 RM 03 09 de 2d 01 f0 00 06 00 ff ff ff ff cf ff ff ff ff
2023-12-24 14:35:34 RM 03 09 de 2e e3 fc 00 04 00 ff fe 00 00 ff ff ff ff ff
2023-12-24 14:35:34 RM 03 09 de 2e 94 fd 00 06 00 ff 00 00 ff ff 00 00 ff ff
2023-12-24 14:35:34 RM 03 09 de 2f fd fc 00 04 00 ff ff ff ff ff 29 64 ff ff
2023-12-24 14:35:34 RM 03 09 de 30 f2 fe 00 06 00 ff 00 00 00 fe ff ff fe ff
2023-12-24 14:35:34 RM 03 09 de 30 f0 fe 00 06 00 ff ff ff ff 00 00 c0 ff ff
2023-12-24 14:35:34 RM 03 09 de 31 96 fe 00 06 00 ff 0c fa ff ff ff ff ff ff
2023-12-24 14:35:34 RM 03 09 de 32 04 f0 00 03 00 ff f8 7d 7d 00 00 00 f0 7d
2023-12-24 14:35:34 RM 03 09 de 3c 04 f0 00 03 00 ff f8 7d 7d 00 00 00 f0 7d
2023-12-24 14:35:34 RM 03 09 de 46 04 f0 00 03 00 ff f8 7d 7d 00 00 00 f0 7d
2023-12-24 14:35:34 RM 03 09 de 49 0e f0 00 06 00 ff ff ff 32 5b ff ff ff ff
2023-12-24 14:35:34 RM 03 09 de 4a 03 f0 00 03 00 ff d1 00 00 ff ff ff 00 ff
2023-12-24 14:35:34 RM 03 09 de 4a df fe 00 06 00 ff fe 00 fe fe 7d 00 00 ff
2023-12-24 14:35:34 RM 03 09 de 4b 0a f0 00 03 00 ff ff ff 00 00 ff ff ff ff
2023-12-24 14:35:34 RM 03 09 de 4c 00 ef 00 06 00 ff ff ff ff ff 00 01 19 80
2023-12-24 14:35:34 RM 03 09 de 4c 1a f0 00 04 00 ff 00 00 ff ff 00 00 b0 04
2023-12-24 14:35:34 RM 03 09 de 50 04 f0 00 03 00 ff f8 7d 7d 00 00 00 f0 7d
2023-12-24 14:35:34 RM 03 09 de 5a 04 f0 00 03 00 ff f8 7d 7d 00 00 00 f0 7d
2023-12-24 14:35:34 RM 03 09 de 64 04 f0 00 03 00 ff f8 7d 7d 00 00 00 f0 7d
2023-12-24 14:35:34 RM 03 09 de 6e 04 f0 00 03 00 ff f8 7d 7d 00 00 00 f0 7d
2023-12-24 14:35:34 RM 03 09 de 76 01 f0 00 06 0b ff cf ff f0 ff ff dc ff ff
2023-12-24 14:35:34 RM 03 09 de 78 04 f0 00 03 00 ff f8 7d 7d 00 00 00 f0 7d
2023-12-24 14:35:34 RM 03 09 de 79 0e f0 00 06 00 ff ff ff 32 5b ff ff ff ff
2023-12-24 14:35:34 RM 03 09 de 79 03 f0 00 03 00 ff d1 00 00 ff ff ff 00 ff
2023-12-24 14:35:34 RM 03 09 de 7a 0a f0 00 03 00 ff ff ff 00 00 ff ff ff ff
2023-12-24 14:35:34 RM 03 09 de 7b 00 ef 00 06 00 ff ff ff ff ff 00 01 19 80
2023-12-24 14:35:34 RM 03 09 de 7b 1a f0 00 04 00 ff 00 00 ff ff 00 00 b0 04
2023-12-24 14:35:34 RM 03 09 de 80 bf fe 00 06 0b ff ff fe fe fe fe fe fe fe
2023-12-24 14:35:34 RM 03 09 de 82 04 f0 00 03 00 ff f8 7d 7d 00 00 00 f0 7d
2023-12-24 14:35:34 RM 03 09 de 8a bf fe 00 06 0b ff ff fe fe fe fe fe fe fe
2023-12-24 14:35:34 RM 03 09 de 8c 04 f0 00 03 00 ff f8 7d 7d 00 00 00 f0 7d
2023-12-24 14:35:34 RM 03 09 de 8f 20 fd 00 06 00 ff 00 fe 00 fe ff ff ff ff
2023-12-24 14:35:34 RM 03 09 de 90 6f fe 00 04 00 ff ff ff ff ff ff ff ff ff
2023-12-24 14:35:34 RM 03 09 de 90 35 ff 00 06 00 ff ff ff ff 00 ff fe ff ff
2023-12-24 14:35:34 RM 03 09 de 91 38 ff 00 06 00 ff 00 00 00 ff ff 9d ff ff
2023-12-24 14:35:34 RM 03 09 de 91 18 ff 00 06 00 ff 00 ff ff ff ff ff ff ff
2023-12-24 14:35:34 RM 03 09 de 92 a1 fd 00 06 00 ff 00 fe 00 00 00 00 0f ff
2023-12-24 14:35:34 RM 03 09 de 92 f5 fe 00 06 00 ff a8 ff ff 00 fe 00 ff ff
2023-12-24 14:35:34 RM 03 09 de 93 65 fd 00 06 00 ff 00 fe ff ff ff fe ff ff
2023-12-24 14:35:34 RM 03 09 de 94 b4 fd 00 06 00 ff ff ff 00 fe ff ff ff ff
2023-12-24 14:35:34 RM 03 09 de 94 b2 fd 00 06 00 ff 00 fe ff ff 00 fe ff ff
2023-12-24 14:35:34 RM 03 09 de 95 b3 fd 00 06 00 ff 00 fe 00 fe ff ff ff ff
2023-12-24 14:35:34 RM 03 09 de 95 00 e0 00 06 00 ff fa ff ff ff ff ff ff ff
2023-12-24 14:35:34 RM 03 09 de 96 f1 fe 00 06 00 ff f3 00 fe 10 ff 00 1f c5
2023-12-24 14:35:34 RM 03 09 de 97 04 f0 00 03 00 ff f8 7d 7d 00 00 00 f0 7d
2023-12-24 14:35:34 RM 03 09 de 97 94 fe 00 06 00 ff 00 00 00 3f 00 00 00 00
2023-12-24 14:35:34 RM 03 09 de 98 01 f0 00 06 00 ff ff ff ff cf ff ff ff ff
2023-12-24 14:35:34 RM 03 09 de 98 52 fd 00 04 00 ff ff ff ff 00 00 ff ff ff
2023-12-24 14:35:34 RM 03 09 de 99 9a ff 00 06 00 ff 00 00 00 00 00 f0 ff ff
2023-12-24 14:35:34 RM 03 09 de 99 e3 fc 00 04 00 ff fe 00 00 ff ff ff ff ff
2023-12-24 14:35:34 RM 03 09 de 9a 94 fd 00 06 00 ff 00 00 ff ff 00 00 ff ff
2023-12-24 14:35:34 RM 03 09 de 9b fd fc 00 04 00 ff ff ff ff ff 29 64 ff ff
2023-12-24 14:35:34 RM 03 09 de 9b db fe 00 06 00 ff ff ff 00 fe ff ff ff ff
2023-12-24 14:35:34 RM 03 09 de 9c ef fe 00 06 00 ff fe ff ff fe 80 80 ff fa
2023-12-24 14:35:34 RM 03 09 de 9c ee fe 00 06 00 ff fe ff 00 fe ff ff ff ff
2023-12-24 14:35:34 RM 03 09 de 9d a4 fe 00 06 00 ff ff ff ff ff ff ff 00 fe
2023-12-24 14:35:34 RM 03 09 de 9e 66 fd 00 06 00 ff fe ff ff ff ff ff ff ff
2023-12-24 14:35:34 RM 03 09 de 9e bd fe 00 06 00 ff 00 f0 00 00 ff ff ff ff
2023-12-24 14:35:34 RM 03 09 de 9f f2 fe 00 06 00 ff 00 00 00 fe ff ff fe ff
2023-12-24 14:35:34 RM 03 09 de 9f d0 fd 00 06 00 ff ff ff ff ff fe ff ff ff
2023-12-24 14:35:34 RM 03 09 de a0 9b ff 00 06 00 ff ff f0 f0 ff fe 00 fe f2
2023-12-24 14:35:34 RM 03 09 de a0 04 f0 00 03 00 ff f8 7d 7d 00 00 00 f0 7d
2023-12-24 14:35:34 RM 03 09 de a1 7c fd 00 06 00 ff f8 b3 41 00 d1 cf e3 ff
2023-12-24 14:35:34 RM 03 09 de a2 f0 fe 00 06 00 ff ff ff ff 00 00 c0 ff ff
2023-12-24 14:35:34 RM 03 09 de a2 e4 fe 00 06 00 ff 00 7f ff fc 00 7f ff ff
2023-12-24 14:35:34 RM 03 09 de a3 9a fe 00 06 00 ff ff ff 00 fe ff ff ff ff
2023-12-24 14:35:34 RM 03 09 de a3 96 fe 00 06 00 ff 0c fa ff ff ff ff ff ff
2023-12-24 14:35:34 RM 03 09 de a4 c1 fe 00 06 00 ff 4c d9 d1 02 28 5c 8f 02
2023-12-24 14:35:34 RM 03 09 de a5 f7 fe 00 06 00 ff ff ff ff ff ff ff f0 00
2023-12-24 14:35:34 RM 03 09 de aa 04 f0 00 03 00 ff f8 7d 7d 00 00 00 f0 7d
2023-12-24 14:35:34 RM 03 09 de ad 0e f0 00 06 00 ff ff ff 32 5b ff ff ff ff
2023-12-24 14:35:34 RM 03 09 de ae 03 f0 00 03 00 ff d1 00 00 ff ff ff 00 ff
2023-12-24 14:35:34 RM 03 09 de ae 0a f0 00 03 00 ff ff ff 00 00 ff ff ff ff
2023-12-24 14:35:34 RM 03 09 de af 00 ef 00 06 00 ff ff ff ff ff 00 01 19 80
2023-12-24 14:35:34 RM 03 09 de b0 1a f0 00 04 00 ff 00 00 ff ff 00 00 b0 04
2023-12-24 14:35:34 RM 03 09 de b4 04 f0 00 03 00 ff f8 7d 7d 00 00 00 f0 7d
2023-12-24 14:35:34 RM 03 09 de be 04 f0 00 03 00 ff f8 7d 7d 00 00 00 f0 7d
2023-12-24 14:35:34 RM 03 09 de c8 04 f0 00 03 00 ff f8 7d 7d 00 00 00 f0 7d
2023-12-24 14:35:34 RM 03 09 de d2 04 f0 00 03 00 ff f8 7d 7d 00 00 00 f0 7d
2023-12-24 14:35:34 RM 03 09 de da 01 f0 00 06 0b ff cf ff f0 ff ff dc ff ff
2023-12-24 14:35:34 RM 03 09 de dc 04 f0 00 03 00 ff f8 7d 7d 00 00 00 f0 7d
2023-12-24 14:35:34 RM 03 09 de dd 0e f0 00 06 00 ff ff ff 32 5b ff ff ff ff
2023-12-24 14:35:34 RM 03 09 de de 03 f0 00 03 00 ff d1 00 00 ff ff ff 00 ff
2023-12-24 14:35:34 RM 03 09 de de 0a f0 00 03 00 ff ff ff 00 00 ff ff ff ff
2023-12-24 14:35:34 RM 03 09 de df 00 ef 00 06 00 ff ff ff ff ff 00 01 19 80
2023-12-24 14:35:34 RM 03 09 de df 1a f0 00 04 00 ff 00 00 ff ff 00 00 b0 04
2023-12-24 14:35:34 RM 03 09 de e5 bf fe 00 06 0b ff ff fe fe fe fe fe fe fe
2023-12-24 14:35:34 RM 03 09 de e6 04 f0 00 03 00 ff f8 7d 7d 00 00 00 f0 7d
2023-12-24 14:35:34 RM 03 09 de ef bf fe 00 06 0b ff ff fe fe fe fe fe fe fe
2023-12-24 14:35:34 RM 03 09 de f0 04 f0 00 03 00 ff f8 7d 7d 00 00 00 f0 7d
2023-12-24 14:35:34 RM 03 09 de f3 6f fe 00 04 00 ff ff ff ff ff ff ff ff ff
2023-12-24 14:35:34 RM 03 09 de f4 35 ff 00 06 00 ff ff ff ff 00 ff fe ff ff
2023-12-24 14:35:34 RM 03 09 de f4 18 ff 00 06 00 ff 00 ff ff ff ff ff ff ff
2023-12-24 14:35:34 RM 03 09 de f5 f1 fe 00 06 00 ff f3 00 fe 10 ff 00 1f c5
2023-12-24 14:35:34 RM 03 09 de f5 01 f0 00 06 00 ff ff ff ff cf ff ff ff ff
2023-12-24 14:35:34 RM 03 09 de f6 e3 fc 00 04 00 ff fe 00 00 ff ff ff ff ff
2023-12-24 14:35:34 RM 03 09 de f7 94 fd 00 06 00 ff 00 00 ff ff 00 00 ff ff
2023-12-24 14:35:34 RM 03 09 de f7 fd fc 00 04 00 ff ff ff ff ff 29 64 ff ff
2023-12-24 14:35:34 RM 03 09 de f8 f2 fe 00 06 00 ff 00 00 00 fe ff ff fe ff
2023-12-24 14:35:34 RM 03 09 de f8 f6 fe 00 06 00 ff fa fe fe fe ff 20 22 ff
2023-12-24 14:35:34 RM 03 09 de f9 50 ff 00 06 00 ff ff ff ff cf ff ff ff ff
2023-12-24 14:35:34 RM 03 09 de f9 f0 fe 00 06 00 ff ff ff ff 00 00 c0 ff ff
2023-12-24 14:35:34 RM 03 09 de fa 99 fe 00 06 00 ff ff ff 00 fe ff ff ff ff
2023-12-24 14:35:34 RM 03 09 de fb 04 f0 00 03 00 ff f8 7d 7d 00 00 00 f0 7d
2023-12-24 14:35:34 RM 03 09 de fb 96 fe 00 06 00 ff 0c fa ff ff ff ff ff ff
2023-12-24 14:35:34 RM 03 09 de fc 56 fe 00 06 00 ff 00 ff ff ff 1f 1f ff ff
2023-12-24 14:35:34 RM 03 09 df 04 04 f0 00 03 00 ff f8 7d 7d 00 00 00 f0 7d
2023-12-24 14:35:34 RM 03 09 df 0f 04 f0 00 03 00 ff f8 7d 7d 00 00 00 f0 7d
2023-12-24 14:35:34 RM 03 09 df 11 0e f0 00 06 00 ff ff ff 32 5b ff ff ff ff
2023-12-24 14:35:34 RM 03 09 df 12 03 f0 00 03 00 ff d1 00 00 ff ff ff 00 ff
2023-12-24 14:35:34 RM 03 09 df 13 0a f0 00 03 00 ff ff ff 00 00 ff ff ff ff
2023-12-24 14:35:34 RM 03 09 df 13 00 ef 00 06 00 ff ff ff ff ff 00 01 19 80
2023-12-24 14:35:34 RM 03 09 df 14 1a f0 00 04 00 ff 00 00 ff ff 00 00 b0 04
2023-12-24 14:35:34 RM 03 09 df 18 04 f0 00 03 00 ff f8 7d 7d 00 00 00 f0 7d
2023-12-24 14:35:34 RM 03 09 df 22 04 f0 00 03 00 ff f8 7d 7d 00 00 00 f0 7d
2023-12-24 14:35:34 RM 03 09 df 2c 04 f0 00 03 00 ff f8 7d 7d 00 00 00 f0 7d
2023-12-24 14:35:34 RM 03 09 df 37 04 f0 00 03 00 ff f8 7d 7d 00 00 00 f0 7d
2023-12-24 14:35:34 RM 03 09 df 3f 01 f0 00 06 0b ff cf ff f0 ff ff dc ff ff
2023-12-24 14:35:34 RM 03 09 df 40 04 f0 00 03 00 ff f8 7d 7d 00 00 00 f0 7d
2023-12-24 14:35:34 RM 03 09 df 41 0e f0 00 06 00 ff ff ff 32 5b ff ff ff ff
2023-12-24 14:35:34 RM 03 09 df 42 03 f0 00 03 00 ff d1 00 00 ff ff ff 00 ff
2023-12-24 14:35:34 RM 03 09 df 42 df fe 00 06 00 ff fe 00 fe fe 7d 00 00 ff
2023-12-24 14:35:34 RM 03 09 df 43 0a f0 00 03 00 ff ff ff 00 00 ff ff ff ff
2023-12-24 14:35:34 RM 03 09 df 43 00 ef 00 06 00 ff ff ff ff ff 00 01 19 80
2023-12-24 14:35:34 RM 03 09 df 44 1a f0 00 04 00 ff 00 00 ff ff 00 00 b0 04
2023-12-24 14:35:34 RM 03 09 df 49 bf fe 00 06 0b ff ff fe fe fe fe fe fe fe
2023-12-24 14:35:34 RM 03 09 df 4a 04 f0 00 03 00 ff f8 7d 7d 00 00 00 f0 7d
2023-12-24 14:35:34 RM 03 09 df 53 bf fe 00 06 0b ff ff fe fe fe fe fe fe fe
2023-12-24 14:35:34 RM 03 09 df 54 04 f0 00 03 00 ff f8 7d 7d 00 00 00 f0 7d
2023-12-24 14:35:34 RM 03 09 df 57 6f fe 00 04 00 ff ff ff ff ff ff ff ff ff
2023-12-24 14:35:34 RM 03 09 df 58 35 ff 00 06 00 ff ff ff ff 00 ff fe ff ff
2023-12-24 14:35:34 RM 03 09 df 58 18 ff 00 06 00 ff 00 ff ff ff ff ff ff ff
2023-12-24 14:35:34 RM 03 09 df 59 f1 fe 00 06 00 ff f3 00 fe 10 ff 00 1f c5
2023-12-24 14:35:34 RM 03 09 df 5a 01 f0 00 06 00 ff ff ff ff cf ff ff ff ff
2023-12-24 14:35:34 RM 03 09 df 5a e3 fc 00 04 00 ff fe 00 00 ff ff ff ff ff
2023-12-24 14:35:34 RM 03 09 df 5b 94 fd 00 06 00 ff 00 00 ff ff 00 00 ff ff
2023-12-24 14:35:34 RM 03 09 df 5b fd fc 00 04 00 ff ff ff ff ff 29 64 ff ff
2023-12-24 14:35:34 RM 03 09 df 5c f2 fe 00 06 00 ff 00 00 00 fe ff ff fe ff
2023-12-24 14:35:34 RM 03 09 df 5c f0 fe 00 06 00 ff ff ff ff 00 00 c0 ff ff
2023-12-24 14:35:34 RM 03 09 df 5d 96 fe 00 06 00 ff 0c fa ff ff ff ff ff ff
2023-12-24 14:35:34 RM 03 09 df 5f 04 f0 00 03 00 ff f8 7d 7d 00 00 00 f0 7d
2023-12-24 14:35:34 RM 03 09 df 68 04 f0 00 03 00 ff f8 7d 7d 00 00 00 f0 7d
2023-12-24 14:35:34 RM 03 09 df 72 04 f0 00 03 00 ff f8 7d 7d 00 00 00 f0 7d
2023-12-24 14:35:34 RM 03 09 df 75 0e f0 00 06 00 ff ff ff 32 5b ff ff ff ff
2023-12-24 14:35:34 RM 03 09 df 76 03 f0 00 03 00 ff d1 00 00 ff ff ff 00 ff
2023-12-24 14:35:34 RM 03 09 df 77 0a f0 00 03 00 ff ff ff 00 00 ff ff ff ff
2023-12-24 14:35:34 RM 03 09 df 77 00 ef 00 06 00 ff ff ff ff ff 00 01 19 80
2023-12-24 14:35:34 RM 03 09 df 78 1a f0 00 04 00 ff 00 00 ff ff 00 00 b0 04
2023-12-24 14:35:34 RM 03 09 df 7c 04 f0 00 03 00 ff f8 7d 7d 00 00 00 f0 7d
2023-12-24 14:35:34 RM 03 09 df 87 04 f0 00 03 00 ff f8 7d 7d 00 00 00 f0 7d
2023-12-24 14:35:34 RM 03 09 df 90 04 f0 00 03 00 ff f8 7d 7d 00 00 00 f0 7d
2023-12-24 14:35:34 RM 03 09 df 9a 04 f0 00 03 00 ff f8 7d 7d 00 00 00 f0 7d
2023-12-24 14:35:34 RM 03 09 df a4 01 f0 00 06 0b ff cf ff f0 ff ff dc ff ff
2023-12-24 14:35:34 RM 03 09 df a5 04 f0 00 03 00 ff f8 7d 7d 00 00 00 f0 7d
2023-12-24 14:35:34 RM 03 09 df a5 0e f0 00 06 00 ff ff ff 32 5b ff ff ff ff
2023-12-24 14:35:34 RM 03 09 df a6 03 f0 00 03 00 ff d1 00 00 ff ff ff 00 ff
2023-12-24 14:35:34 RM 03 09 df a6 0a f0 00 03 00 ff ff ff 00 00 ff ff ff ff
2023-12-24 14:35:34 RM 03 09 df a7 00 ef 00 06 00 ff ff ff ff ff 00 01 19 80
2023-12-24 14:35:34 RM 03 09 df a8 1a f0 00 04 00 ff 00 00 ff ff 00 00 b0 04
2023-12-24 14:35:34 RM 03 09 df ae bf fe 00 06 0b ff ff fe fe fe fe fe fe fe
2023-12-24 14:35:34 RM 03 09 df af 04 f0 00 03 00 ff f8 7d 7d 00 00 00 f0 7d
2023-12-24 14:35:34 RM 03 09 df b8 bf fe 00 06 0b ff ff fe fe fe fe fe fe fe
2023-12-24 14:35:34 RM 03 09 df b9 04 f0 00 03 00 ff f8 7d 7d 00 00 00 f0 7d
2023-12-24 14:35:34 RM 03 09 df bb 6f fe 00 04 00 ff ff ff ff ff ff ff ff ff
2023-12-24 14:35:34 RM 03 09 df bc 35 ff 00 06 00 ff ff ff ff 00 ff fe ff ff
2023-12-24 14:35:34 RM 03 09 df bc 18 ff 00 06 00 ff 00 ff ff ff ff ff ff ff
2023-12-24 14:35:34 RM 03 09 df bd f1 fe 00 06 00 ff f3 00 fe 10 ff 00 1f c5
2023-12-24 14:35:34 RM 03 09 df be 01 f0 00 06 00 ff ff ff ff cf ff ff ff ff
2023-12-24 14:35:34 RM 03 09 df be e3 fc 00 04 00 ff fe 00 00 ff ff ff ff ff
2023-12-24 14:35:34 RM 03 09 df bf 94 fd 00 06 00 ff 00 00 ff ff 00 00 ff ff
2023-12-24 14:35:34 RM 03 09 df bf fd fc 00 04 00 ff ff ff ff ff 29 64 ff ff
2023-12-24 14:35:34 RM 03 09 df c0 f2 fe 00 06 00 ff 00 00 00 fe ff ff fe ff
2023-12-24 14:35:34 RM 03 09 df c1 f0 fe 00 06 00 ff ff ff ff 00 00 c0 ff ff
2023-12-24 14:35:34 RM 03 09 df c1 96 fe 00 06 00 ff 0c fa ff ff ff ff ff ff
2023-12-24 14:35:34 RM 03 09 df c3 04 f0 00 03 00 ff f8 7d 7d 00 00 00 f0 7d
2023-12-24 14:35:34 RM 03 09 df cc 04 f0 00 03 00 ff f8 7d 7d 00 00 00 f0 7d
2023-12-24 14:35:34 RM 03 09 df d7 04 f0 00 03 00 ff f8 7d 7d 00 00 00 f0 7d
2023-12-24 14:35:34 RM 03 09 df da 0e f0 00 06 00 ff ff ff 32 5b ff ff ff ff
2023-12-24 14:35:34 RM 03 09 df da 03 f0 00 03 00 ff d1 00 00 ff ff ff 00 ff
2023-12-24 14:35:34 RM 03 09 df db 0a f0 00 03 00 ff ff ff 00 00 ff ff ff ff
2023-12-24 14:35:34 RM 03 09 df db 00 ef 00 06 00 ff ff ff ff ff 00 01 19 80
2023-12-24 14:35:34 RM 03 09 df dc 1a f0 00 04 00 ff 00 00 ff ff 00 00 b0 04
2023-12-24 14:35:34 RM 03 09 df e1 04 f0 00 03 00 ff f8 7d 7d 00 00 00 f0 7d
2023-12-24 14:35:34 RM 03 09 df eb 04 f0 00 03 00 ff f8 7d 7d 00 00 00 f0 7d
2023-12-24 14:35:34 RM 03 09 df f4 04 f0 00 03 00 ff f8 7d 7d 00 00 00 f0 7d
2023-12-24 14:35:34 RM 03 09 df ff 04 f0 00 03 00 ff f8 7d 7d 00 00 00 f0 7d
2023-12-24 14:35:34 RM 03 09 e0 09 04 f0 00 03 00 ff f8 7d 7d 00 00 00 f0 7d
2023-12-24 14:35:34 RM 03 09 e0 09 01 f0 00 06 0b ff cf ff f0 ff ff dc ff ff
2023-12-24 14:35:34 RM 03 09 e0 0a 0e f0 00 06 00 ff ff ff 32 5b ff ff ff ff
2023-12-24 14:35:34 RM 03 09 e0 0a 03 f0 00 03 00 ff d1 00 00 ff ff ff 00 ff
2023-12-24 14:35:34 RM 03 09 e0 0b 0a f0 00 03 00 ff ff ff 00 00 ff ff ff ff
2023-12-24 14:35:34 RM 03 09 e0 0b 00 ef 00 06 00 ff ff ff ff ff 00 01 19 80
2023-12-24 14:35:34 RM 03 09 e0 0c 1a f0 00 04 00 ff 00 00 ff ff 00 00 b0 04
2023-12-24 14:35:34 RM 03 09 e0 13 04 f0 00 03 00 ff f8 7d 7d 00 00 00 f0 7d
2023-12-24 14:35:34 RM 03 09 e0 13 bf fe 00 06 0b ff ff fe fe fe fe fe fe fe
2023-12-24 14:35:34 RM 03 09 e0 1d 04 f0 00 03 00 ff f8 7d 7d 00 00 00 f0 7d
2023-12-24 14:35:34 RM 03 09 e0 1d bf fe 00 06 0b ff ff fe fe fe fe fe fe fe
2023-12-24 14:35:34 RM 03 09 e0 1f 6f fe 00 04 00 ff ff ff ff ff ff ff ff ff
2023-12-24 14:35:34 RM 03 09 e0 20 35 ff 00 06 00 ff ff ff ff 00 ff fe ff ff
2023-12-24 14:35:34 RM 03 09 e0 21 18 ff 00 06 00 ff 00 ff ff ff ff ff ff ff
2023-12-24 14:35:34 RM 03 09 e0 21 f1 fe 00 06 00 ff f3 00 fe 10 ff 00 1f c5
2023-12-24 14:35:34 RM 03 09 e0 22 01 f0 00 06 00 ff ff ff ff cf ff ff ff ff
2023-12-24 14:35:34 RM 03 09 e0 22 e3 fc 00 04 00 ff fe 00 00 ff ff ff ff ff
2023-12-24 14:35:34 RM 03 09 e0 23 94 fd 00 06 00 ff 00 00 ff ff 00 00 ff ff
2023-12-24 14:35:34 RM 03 09 e0 23 fd fc 00 04 00 ff ff ff ff ff 29 64 ff ff
2023-12-24 14:35:34 RM 03 09 e0 24 f2 fe 00 06 00 ff 00 00 00 fe ff ff fe ff
2023-12-24 14:35:34 RM 03 09 e0 25 f0 fe 00 06 00 ff ff ff ff 00 00 c0 ff ff
2023-12-24 14:35:34 RM 03 09 e0 25 96 fe 00 06 00 ff 0c fa ff ff ff ff ff ff
2023-12-24 14:35:34 RM 03 09 e0 27 04 f0 00 03 00 ff f8 7d 7d 00 00 00 f0 7d
2023-12-24 14:35:34 RM 03 09 e0 31 04 f0 00 03 00 ff f8 7d 7d 00 00 00 f0 7d
2023-12-24 14:35:34 RM 03 09 e0 3b 04 f0 00 03 00 ff f8 7d 7d 00 00 00 f0 7d
2023-12-24 14:35:34 RM 03 09 e0 3e 0e f0 00 06 00 ff ff ff 32 5b ff ff ff ff
2023-12-24 14:35:34 RM 03 09 e0 3e 03 f0 00 03 00 ff d1 00 00 ff ff ff 00 ff
2023-12-24 14:35:34 RM 03 09 e0 3f df fe 00 06 00 ff fe 00 fe fe 7d 02 00 ff
2023-12-24 14:35:34 RM 03 09 e0 3f 0a f0 00 03 00 ff ff ff 00 00 ff ff ff ff
2023-12-24 14:35:34 RM 03 09 e0 40 00 ef 00 06 00 ff ff ff ff ff 00 01 19 80
2023-12-24 14:35:34 RM 03 09 e0 40 1a f0 00 04 00 ff 00 00 ff ff 00 00 b0 04
2023-12-24 14:35:34 RM 03 09 e0 45 04 f0 00 03 00 ff f8 7d 7d 00 00 00 f0 7d
2023-12-24 14:35:34 RM 03 09 e0 4f 04 f0 00 03 00 ff f8 7d 7d 00 00 00 f0 7d
2023-12-24 14:35:34 RM 03 09 e0 59 04 f0 00 03 00 ff f8 7d 7d 00 00 00 f0 7d
2023-12-24 14:35:34 RM 03 09 e0 63 04 f0 00 03 00 ff f8 7d 7d 00 00 00 f0 7d
2023-12-24 14:35:34 RM 03 09 e0 6d 04 f0 00 03 00 ff f8 7d 7d 00 00 00 f0 7d
2023-12-24 14:35:34 RM 03 09 e0 6d 0e f0 00 06 00 ff ff ff 32 5b ff ff ff ff
2023-12-24 14:35:34 RM 03 09 e0 6e 03 f0 00 03 00 ff d1 00 00 ff ff ff 00 ff
2023-12-24 14:35:34 RM 03 09 e0 6e 0a f0 00 03 00 ff ff ff 00 00 ff ff ff ff
2023-12-24 14:35:34 RM 03 09 e0 6f 00 ef 00 06 00 ff ff ff ff ff 00 01 19 80
2023-12-24 14:35:34 RM 03 09 e0 70 1a f0 00 04 00 ff 00 00 ff ff 00 00 b0 04
2023-12-24 14:35:34 RM 03 09 e0 70 01 f0 00 06 0b ff cf ff f0 ff ff dc ff ff
2023-12-24 14:35:34 RM 03 09 e0 77 04 f0 00 03 00 ff f8 7d 7d 00 00 00 f0 7d
2023-12-24 14:35:34 RM 03 09 e0 78 bf fe 00 06 0b ff ff fe fe fe fe fe fe fe
2023-12-24 14:35:34 RM 03 09 e0 81 04 f0 00 03 00 ff f8 7d 7d 00 00 00 f0 7d
2023-12-24 14:35:34 RM 03 09 e0 82 bf fe 00 06 0b ff ff fe fe fe fe fe fe fe
2023-12-24 14:35:34 RM 03 09 e0 83 20 fd 00 06 00 ff 00 fe 00 fe ff ff ff ff
2023-12-24 14:35:34 RM 03 09 e0 84 6f fe 00 04 00 ff ff ff ff ff ff ff ff ff
2023-12-24 14:35:34 RM 03 09 e0 85 35 ff 00 06 00 ff ff ff ff 00 ff fe ff ff
2023-12-24 14:35:34 RM 03 09 e0 85 18 ff 00 06 00 ff 00 ff ff ff ff ff ff ff
2023-12-24 14:35:34 RM 03 09 e0 86 a1 fd 00 06 00 ff 00 fe 00 00 00 00 0f ff
2023-12-24 14:35:34 RM 03 09 e0 86 65 fd 00 06 00 ff 00 fe ff ff ff fe ff ff
2023-12-24 14:35:34 RM 03 09 e0 87 b4 fd 00 06 00 ff ff ff 00 fe ff ff ff ff
2023-12-24 14:35:34 RM 03 09 e0 88 b2 fd 00 06 00 ff 00 fe ff ff 00 fe ff ff
2023-12-24 14:35:34 RM 03 09 e0 88 b3 fd 00 06 00 ff 00 fe 00 fe ff ff ff ff
2023-12-24 14:35:34 RM 03 09 e0 89 f1 fe 00 06 00 ff f3 00 fe 10 ff 00 1f c5
2023-12-24 14:35:34 RM 03 09 e0 89 b0 ff 00 06 00 ff 7f 7f 7f 7f 7f 7f ff ff
2023-12-24 14:35:34 RM 03 09 e0 8a 94 fe 00 06 00 ff 00 00 00 3f 00 00 00 00
2023-12-24 14:35:34 RM 03 09 e0 8b 01 f0 00 06 00 ff ff ff ff cf ff ff ff ff
2023-12-24 14:35:34 RM 03 09 e0 8b 04 f0 00 03 00 ff f8 7d 7d 00 00 00 f0 7d
2023-12-24 14:35:34 RM 03 09 e0 8c e3 fc 00 04 00 ff fe 00 00 ff ff ff ff ff
2023-12-24 14:35:34 RM 03 09 e0 8c 94 fd 00 06 00 ff 00 00 ff ff 00 00 ff ff
2023-12-24 14:35:34 RM 03 09 e0 8d fd fc 00 04 00 ff ff ff ff ff 29 64 ff ff
2023-12-24 14:35:34 RM 03 09 e0 8d db fe 00 06 00 ff ff ff 00 fe ff ff ff ff
2023-12-24 14:35:34 RM 03 09 e0 8e ef fe 00 06 00 ff fe ff ff fe 80 80 ff fa
2023-12-24 14:35:34 RM 03 09 e0 8f 69 fe 00 06 00 ff 00 fe ff ff ff ff 00 fe
2023-12-24 14:35:34 RM 03 09 e0 8f f2 fe 00 06 00 ff 00 00 00 fe ff ff fe ff
2023-12-24 14:35:34 RM 03 09 e0 90 d0 fd 00 06 00 ff ff ff ff ff fe ff ff ff
2023-12-24 14:35:34 RM 03 09 e0 90 9b ff 00 06 00 ff ff f0 f0 ff fe 00 fe f2
2023-12-24 14:35:34 RM 03 09 e0 91 f0 fe 00 06 00 ff ff ff ff 00 00 c0 ff ff
2023-12-24 14:35:34 RM 03 09 e0 92 96 fe 00 06 00 ff 0c fa ff ff ff ff ff ff
2023-12-24 14:35:34 RM 03 09 e0 95 04 f0 00 03 00 ff f8 7d 7d 00 00 00 f0 7d
2023-12-24 14:35:34 RM 03 09 e0 9f 04 f0 00 03 00 ff f8 7d 7d 00 00 00 f0 7d
2023-12-24 14:35:34 RM 03 09 e0 a2 0e f0 00 06 00 ff ff ff 32 5b ff ff ff ff
2023-12-24 14:35:34 RM 03 09 e0 a2 03 f0 00 03 00 ff d1 00 00 ff ff ff 00 ff
2023-12-24 14:35:34 RM 03 09 e0 a3 0a f0 00 03 00 ff ff ff 00 00 ff ff ff ff
2023-12-24 14:35:34 RM 03 09 e0 a4 00 ef 00 06 00 ff ff ff ff ff 00 01 19 80
2023-12-24 14:35:34 RM 03 09 e0 a4 1a f0 00 04 00 ff 00 00 ff ff 00 00 b0 04
2023-12-24 14:35:34 RM 03 09 e0 a9 04 f0 00 03 00 ff f8 7d 7d 00 00 00 f0 7d
2023-12-24 14:35:34 RM 03 09 e0 b3 04 f0 00 03 00 ff f8 7d 7d 00 00 00 f0 7d
2023-12-24 14:35:34 RM 03 09 e0 bd 04 f0 00 03 00 ff f8 7d 7d 00 00 00 f0 7d
2023-12-24 14:35:34 RM 03 09 e0 bd 00 ea 00 06 00 96 e6 fe 00
2023-12-24 14:35:34 RM 03 09 e0 c7 04 f0 00 03 00 ff f8 7d 7d 00 00 00 f0 7d
2023-12-24 14:35:34 RM 03 09 e0 d1 04 f0 00 03 00 ff f8 7d 7d 00 00 00 f0 7d
2023-12-24 14:35:34 RM 03 09 e0 d2 0e f0 00 06 00 ff ff ff 32 5b ff ff ff ff
2023-12-24 14:35:34 RM 03 09 e0 d2 03 f0 00 03 00 ff d1 00 00 ff ff ff 00 ff
2023-12-24 14:35:34 RM 03 09 e0 d3 0a f0 00 03 00 ff ff ff 00 00 ff ff ff ff
2023-12-24 14:35:34 RM 03 09 e0 d4 00 ef 00 06 00 ff ff ff ff ff 00 01 19 80
2023-12-24 14:35:34 RM 03 09 e0 d4 1a f0 00 04 00 ff 00 00 ff ff 00 00 b0 04
2023-12-24 14:35:34 RM 03 09 e0 d5 01 f0 00 06 0b ff cf ff f0 ff ff dc ff ff
2023-12-24 14:35:34 RM 03 09 e0 db 04 f0 00 03 00 ff f8 7d 7d 00 00 00 f0 7d
2023-12-24 14:35:34 RM 03 09 e0 dd bf fe 00 06 0b ff ff fe fe fe fe fe fe fe
2023-12-24 14:35:34 RM 03 09 e0 e5 04 f0 00 03 00 ff f8 7d 7d 00 00 00 f0 7d
2023-12-24 14:35:34 RM 03 09 e0 e7 bf fe 00 06 0b ff ff fe fe fe fe fe fe fe
2023-12-24 14:35:34 RM 03 09 e0 e8 6f fe 00 04 00 ff ff ff ff ff ff ff ff ff
2023-12-24 14:35:34 RM 03 09 e0 e8 35 ff 00 06 00 ff ff ff ff 00 ff fe ff ff
2023-12-24 14:35:34 RM 03 09 e0 e9 18 ff 00 06 00 ff 00 ff ff ff ff ff ff ff
2023-12-24 14:35:35 RM 03 09 e0 e9 f1 fe 00 06 00 ff f3 00 fe 10 ff 00 1f c5
2023-12-24 14:35:35 RM 03 09 e0 ea 01 f0 00 06 00 ff ff ff ff cf ff ff ff ff
2023-12-24 14:35:35 RM 03 09 e0 eb e3 fc 00 04 00 ff fe 00 00 ff ff ff ff ff
2023-12-24 14:35:35 RM 03 09 e0 ec 94 fd 00 06 00 ff 00 00 ff ff 00 00 ff ff
2023-12-24 14:35:35 RM 03 09 e0 ec fd fc 00 04 00 ff ff ff ff ff 29 64 ff ff
2023-12-24 14:35:35 RM 03 09 e0 ed f2 fe 00 06 00 ff 00 00 00 fe ff ff fe ff
2023-12-24 14:35:35 RM 03 09 e0 ed f6 fe 00 06 00 ff fa fe fe fe ff 20 22 ff
2023-12-24 14:35:35 RM 03 09 e0 ee f0 fe 00 06 00 ff ff ff ff 00 00 c0 ff ff
2023-12-24 14:35:35 RM 03 09 e0 ef 96 fe 00 06 00 ff 0c fa ff ff ff ff ff ff
2023-12-24 14:35:35 RM 03 09 e0 ef 04 f0 00 03 00 ff f8 7d 7d 00 00 00 f0 7d
2023-12-24 14:35:35 RM 03 09 e0 f9 04 f0 00 03 00 ff f8 7d 7d 00 00 00 f0 7d
2023-12-24 14:35:35 RM 03 09 e1 03 04 f0 00 03 00 ff f8 7d 7d 00 00 00 f0 7d
2023-12-24 14:35:35 RM 03 09 e1 04 ca fe 00 06 00 ff 40 ff 66 00 03 01 ff ff
2023-12-24 14:35:35 RM 03 09 e1 06 0e f0 00 06 00 ff ff ff 32 5b ff ff ff ff
2023-12-24 14:35:35 RM 03 09 e1 06 03 f0 00 03 00 ff d1 00 00 ff ff ff 00 ff
2023-12-24 14:35:35 RM 03 09 e1 07 0a f0 00 03 00 ff ff ff 00 00 ff ff ff ff
2023-12-24 14:35:35 RM 03 09 e1 08 00 ef 00 06 00 ff ff ff ff ff 00 01 19 80
2023-12-24 14:35:35 RM 03 09 e1 08 1a f0 00 04 00 ff 00 00 ff ff 00 00 b0 04
2023-12-24 14:35:35 RM 03 09 e1 0d 04 f0 00 03 00 ff f8 7d 7d 00 00 00 f0 7d
2023-12-24 14:35:35 RM 03 09 e1 17 04 f0 00 03 00 ff f8 7d 7d 00 00 00 f0 7d
2023-12-24 14:35:35 RM 03 09 e1 21 04 f0 00 03 00 ff f8 7d 7d 00 00 00 f0 7d
2023-12-24 14:35:35 RM 03 09 e1 2b 04 f0 00 03 00 ff f8 7d 7d 00 00 00 f0 7d
2023-12-24 14:35:35 RM 03 09 e1 35 04 f0 00 03 00 ff f8 7d 7d 00 00 00 f0 7d
2023-12-24 14:35:35 RM 03 09 e1 36 0e f0 00 06 00 ff ff ff 32 5b ff ff ff ff
2023-12-24 14:35:35 RM 03 09 e1 36 03 f0 00 03 00 ff d1 00 00 ff ff ff 00 ff
2023-12-24 14:35:35 RM 03 09 e1 37 df fe 00 06 00 ff fe 00 fe fe 7d 02 00 ff
2023-12-24 14:35:35 RM 03 09 e1 38 0a f0 00 03 00 ff ff ff 00 00 ff ff ff ff
2023-12-24 14:35:35 RM 03 09 e1 38 00 ef 00 06 00 ff ff ff ff ff 00 01 19 80
2023-12-24 14:35:35 RM 03 09 e1 39 1a f0 00 04 00 ff 00 00 ff ff 00 00 b0 04
2023-12-24 14:35:35 RM 03 09 e1 39 01 f0 00 06 0b ff cf ff f0 ff ff dc ff ff
2023-12-24 14:35:35 RM 03 09 e1 3f 04 f0 00 03 00 ff f8 7d 7d 00 00 00 f0 7d
2023-12-24 14:35:35 RM 03 09 e1 42 bf fe 00 06 0b ff ff fe fe fe fe fe fe fe
2023-12-24 14:35:35 RM 03 09 e1 49 04 f0 00 03 00 ff f8 7d 7d 00 00 00 f0 7d
2023-12-24 14:35:35 RM 03 09 e1 4c 6f fe 00 04 00 ff ff ff ff ff ff ff ff ff
2023-12-24 14:35:35 RM 03 09 e1 4c bf fe 00 06 0b ff ff fe fe fe fe fe fe fe
2023-12-24 14:35:35 RM 03 09 e1 4d 35 ff 00 06 00 ff ff ff ff 00 ff fe ff ff
2023-12-24 14:35:35 RM 03 09 e1 4d 18 ff 00 06 00 ff 00 ff ff ff ff ff ff ff
2023-12-24 14:35:35 RM 03 09 e1 4e f1 fe 00 06 00 ff f3 00 fe 10 ff 00 1f c5
2023-12-24 14:35:35 RM 03 09 e1 4f 01 f0 00 06 00 ff ff ff ff cf ff ff ff ff
2023-12-24 14:35:35 RM 03 09 e1 4f e3 fc 00 04 00 ff fe 00 00 ff ff ff ff ff
2023-12-24 14:35:35 RM 03 09 e1 50 94 fd 00 06 00 ff 00 00 ff ff 00 00 ff ff
2023-12-24 14:35:35 RM 03 09 e1 50 fd fc 00 04 00 ff ff ff ff ff 29 64 ff ff
2023-12-24 14:35:35 RM 03 09 e1 51 f2 fe 00 06 00 ff 00 00 00 fe ff ff fe ff
2023-12-24 14:35:35 RM 03 09 e1 52 f0 fe 00 06 00 ff ff ff ff 00 00 c0 ff ff
2023-12-24 14:35:35 RM 03 09 e1 52 96 fe 00 06 00 ff 0c fa ff ff ff ff ff ff
2023-12-24 14:35:35 RM 03 09 e1 53 04 f0 00 03 00 ff f8 7d 7d 00 00 00 f0 7d
2023-12-24 14:35:35 RM 03 09 e1 5d 04 f0 00 03 00 ff f8 7d 7d 00 00 00 f0 7d
2023-12-24 14:35:35 RM 03 09 e1 68 04 f0 00 03 00 ff f8 7d 7d 00 00 00 f0 7d
2023-12-24 14:35:35 RM 03 09 e1 6a 0e f0 00 06 00 ff ff ff 32 5b ff ff ff ff
2023-12-24 14:35:35 RM 03 09 e1 6b 03 f0 00 03 00 ff d1 00 00 ff ff ff 00 ff
2023-12-24 14:35:35 RM 03 09 e1 6b 0a f0 00 03 00 ff ff ff 00 00 ff ff ff ff
2023-12-24 14:35:35 RM 03 09 e1 6c 00 ef 00 06 00 ff ff ff ff ff 00 01 19 80
2023-12-24 14:35:35 RM 03 09 e1 6c 1a f0 00 04 00 ff 00 00 ff ff 00 00 b0 04
2023-12-24 14:35:35 RM 03 09 e1 71 04 f0 00 03 00 ff f8 7d 7d 00 00 00 f0 7d
2023-12-24 14:35:35 RM 03 09 e1 7b 04 f0 00 03 00 ff f8 7d 7d 00 00 00 f0 7d
2023-12-24 14:35:35 RM 03 09 e1 7e ca fe 00 80 0b ff 04 ff 63 02 0e 7f 7f 02 0e 7f 2b 03 02 7f 1e 03 05 7f 1f 03 05 7f 1b 03 05 7f 20 03 05 7f 1d 03 05 7f 1c 03 05 7f 15 03 02 7f 16 03 02 7f 18 03 02 7f 17 03 02 7f 19 03 02 7f
2023-12-24 14:35:35 RM 03 09 e1 85 04 f0 00 03 00 ff f8 7d 7d 00 00 00 f0 7d
2023-12-24 14:35:35 RM 03 09 e1 8f 04 f0 00 03 00 ff f8 7d 7d 00 00 00 f0 7d
2023-12-24 14:35:35 RM 03 09 e1 99 04 f0 00 03 00 ff f8 7d 7d 00 00 00 f0 7d
2023-12-24 14:35:35 RM 03 09 e1 9a 0e f0 00 06 00 ff ff ff 32 5b ff ff ff ff
2023-12-24 14:35:35 RM 03 09 e1 9b 03 f0 00 03 00 ff d1 00 00 ff ff ff 00 ff
2023-12-24 14:35:35 RM 03 09 e1 9b 0a f0 00 03 00 ff ff ff 00 00 ff ff ff ff
2023-12-24 14:35:35 RM 03 09 e1 9c 00 ef 00 06 00 ff ff ff ff ff 00 01 19 80
2023-12-24 14:35:35 RM 03 09 e1 9c 1a f0 00 04 00 ff 00 00 ff ff 00 00 b0 04
2023-12-24 14:35:35 RM 03 09 e1 9d 01 f0 00 06 0b ff cf ff f0 ff ff dc ff ff
2023-12-24 14:35:35 RM 03 09 e1 a3 04 f0 00 03 00 ff f8 7d 7d 00 00 00 f0 7d
2023-12-24 14:35:35 RM 03 09 e1 a7 bf fe 00 06 0b ff ff fe fe fe fe fe fe fe
2023-12-24 14:35:35 RM 03 09 e1 ad 04 f0 00 03 00 ff f8 7d 7d 00 00 00 f0 7d
2023-12-24 14:35:35 RM 03 09 e1 b0 6f fe 00 04 00 ff ff ff ff ff ff ff ff ff
2023-12-24 14:35:35 RM 03 09 e1 b0 35 ff 00 06 00 ff ff ff ff 00 ff fe ff ff
2023-12-24 14:35:35 RM 03 09 e1 b1 bf fe 00 06 0b ff ff fe fe fe fe fe fe fe
2023-12-24 14:35:35 RM 03 09 e1 b2 18 ff 00 06 00 ff 00 ff ff ff ff ff ff ff
2023-12-24 14:35:35 RM 03 09 e1 b2 f1 fe 00 06 00 ff f3 00 fe 10 ff 00 1f c5
2023-12-24 14:35:35 RM 03 09 e1 b3 01 f0 00 06 00 ff ff ff ff cf ff ff ff ff
2023-12-24 14:35:35 RM 03 09 e1 b3 e3 fc 00 04 00 ff fe 00 00 ff ff ff ff ff
2023-12-24 14:35:35 RM 03 09 e1 b4 94 fd 00 06 00 ff 00 00 ff ff 00 00 ff ff
2023-12-24 14:35:35 RM 03 09 e1 b4 fd fc 00 04 00 ff ff ff ff ff 29 64 ff ff
2023-12-24 14:35:35 RM 03 09 e1 b5 f2 fe 00 06 00 ff 00 00 00 fe ff ff fe ff
2023-12-24 14:35:35 RM 03 09 e1 b6 f0 fe 00 06 00 ff ff ff ff 00 00 c0 ff ff
2023-12-24 14:35:35 RM 03 09 e1 b6 96 fe 00 06 00 ff 0c fa ff ff ff ff ff ff
2023-12-24 14:35:35 RM 03 09 e1 b7 04 f0 00 03 00 ff f8 7d 7d 00 00 00 f0 7d
2023-12-24 14:35:35 RM 03 09 e1 c1 04 f0 00 03 00 ff f8 7d 7d 00 00 00 f0 7d
2023-12-24 14:35:35 RM 03 09 e1 cb e3 fe 00 80 00 ff c0 12 97 10 3b 98 00 19 9d 40 1f 9d c0 2b 9e 70 17 ff fa 8b 08 d0 52 33 3c dc 7d b0 ff ff 3d 01 00 00 ff ff ff ff ff
2023-12-24 14:35:35 RM 03 09 e1 cc 04 f0 00 03 00 ff f8 7d 7d 00 00 00 f0 7d
2023-12-24 14:35:35 RM 03 09 e1 ce 0e f0 00 06 00 ff ff ff 32 5b ff ff ff ff
2023-12-24 14:35:35 RM 03 09 e1 cf 03 f0 00 03 00 ff d1 00 00 ff ff ff 00 ff
2023-12-24 14:35:35 RM 03 09 e1 cf 0a f0 00 03 00 ff ff ff 00 00 ff ff ff ff
2023-12-24 14:35:35 RM 03 09 e1 d0 00 ef 00 06 00 ff ff ff ff ff 00 01 19 80
2023-12-24 14:35:35 RM 03 09 e1 d0 1a f0 00 04 00 ff 00 00 ff ff 00 00 b0 04
2023-12-24 14:35:35 RM 03 09 e1 d5 04 f0 00 03 00 ff f8 7d 7d 00 00 00 f0 7d
2023-12-24 14:35:35 RM 03 09 e1 df 04 f0 00 03 00 ff f8 7d 7d 00 00 00 f0 7d
2023-12-24 14:35:35 RM 03 09 e1 e9 04 f0 00 03 00 ff f8 7d 7d 00 00 00 f0 7d
2023-12-24 14:35:35 RM 03 09 e1 f3 04 f0 00 03 00 ff f8 7d 7d 00 00 00 f0 7d
2023-12-24 14:35:35 RM 03 09 e1 fd 04 f0 00 03 00 ff f8 7d 7d 00 00 00 f0 7d
2023-12-24 14:35:35 RM 03 09 e1 fe 0e f0 00 06 00 ff ff ff 32 5b ff ff ff ff
2023-12-24 14:35:35 RM 03 09 e1 fe 03 f0 00 03 00 ff d1 00 00 ff ff ff 00 ff
2023-12-24 14:35:35 RM 03 09 e1 ff 0a f0 00 03 00 ff ff ff 00 00 ff ff ff ff
2023-12-24 14:35:35 RM 03 09 e1 ff 00 ef 00 06 00 ff ff ff ff ff 00 01 19 80
2023-12-24 14:35:35 RM 03 09 e2 00 1a f0 00 04 00 ff 00 00 ff ff 00 00 b0 04
2023-12-24 14:35:35 RM 03 09 e2 01 01 f0 00 06 0b ff cf ff f0 ff ff dc ff ff
2023-12-24 14:35:35 RM 03 09 e2 07 04 f0 00 03 00 ff f8 7d 7d 00 00 00 f0 7d
2023-12-24 14:35:35 RM 03 09 e2 0b bf fe 00 06 0b ff ff fe fe fe fe fe fe fe
2023-12-24 14:35:35 RM 03 09 e2 11 04 f0 00 03 00 ff f8 7d 7d 00 00 00 f0 7d
2023-12-24 14:35:35 RM 03 09 e2 14 6f fe 00 04 00 ff ff ff ff ff ff ff ff ff
2023-12-24 14:35:35 RM 03 09 e2 14 35 ff 00 06 00 ff ff ff ff 00 ff fe ff ff
2023-12-24 14:35:35 RM 03 09 e2 15 18 ff 00 06 00 ff 00 ff ff ff ff ff ff ff
2023-12-24 14:35:35 RM 03 09 e2 16 bf fe 00 06 0b ff ff fe fe fe fe fe fe fe
2023-12-24 14:35:35 RM 03 09 e2 16 f1 fe 00 06 00 ff f3 00 fe 10 ff 00 1f c5
2023-12-24 14:35:35 RM 03 09 e2 17 01 f0 00 06 00 ff ff ff ff cf ff ff ff ff
2023-12-24 14:35:35 RM 03 09 e2 17 e3 fc 00 04 00 ff fe 00 00 ff ff ff ff ff
2023-12-24 14:35:35 RM 03 09 e2 18 94 fd 00 06 00 ff 00 00 ff ff 00 00 ff ff
2023-12-24 14:35:35 RM 03 09 e2 19 fd fc 00 04 00 ff ff ff ff ff 29 64 ff ff
2023-12-24 14:35:35 RM 03 09 e2 19 f2 fe 00 06 00 ff 00 00 00 fe ff ff fe ff
2023-12-24 14:35:35 RM 03 09 e2 1a f0 fe 00 06 00 ff ff ff ff 00 00 c0 ff ff
2023-12-24 14:35:35 RM 03 09 e2 1a 96 fe 00 06 00 ff 0c fa ff ff ff ff ff ff
2023-12-24 14:35:35 RM 03 09 e2 1b 04 f0 00 03 00 ff f8 7d 7d 00 00 00 f0 7d
2023-12-24 14:35:35 RM 03 09 e2 25 04 f0 00 03 00 ff f8 7d 7d 00 00 00 f0 7d
2023-12-24 14:35:35 RM 03 09 e2 2f 04 f0 00 03 00 ff f8 7d 7d 00 00 00 f0 7d
2023-12-24 14:35:35 RM 03 09 e2 32 0e f0 00 06 00 ff ff ff 32 5b ff ff ff ff
2023-12-24 14:35:35 RM 03 09 e2 33 03 f0 00 03 00 ff d1 00 00 ff ff ff 00 ff
2023-12-24 14:35:35 RM 03 09 e2 33 df fe 00 06 00 ff fe 00 fe fe 7d 00 00 ff
2023-12-24 14:35:35 RM 03 09 e2 34 0a f0 00 03 00 ff ff ff 00 00 ff ff ff ff
2023-12-24 14:35:35 RM 03 09 e2 35 00 ef 00 06 00 ff ff ff ff ff 00 01 19 80
2023-12-24 14:35:35 RM 03 09 e2 35 1a f0 00 04 00 ff 00 00 ff ff 00 00 b0 04
2023-12-24 14:35:35 RM 03 09 e2 39 04 f0 00 03 00 ff f8 7d 7d 00 00 00 f0 7d
2023-12-24 14:35:35 RM 03 09 e2 43 04 f0 00 03 00 ff f8 7d 7d 00 00 00 f0 7d
2023-12-24 14:35:35 RM 03 09 e2 4d 04 f0 00 03 00 ff f8 7d 7d 00 00 00 f0 7d
2023-12-24 14:35:35 RM 03 09 e2 57 04 f0 00 03 00 ff f8 7d 7d 00 00 00 f0 7d
2023-12-24 14:35:35 RM 03 09 e2 61 04 f0 00 03 00 ff f8 7d 7d 00 00 00 f0 7d
2023-12-24 14:35:35 RM 03 09 e2 62 0e f0 00 06 00 ff ff ff 32 5b ff ff ff ff
2023-12-24 14:35:35 RM 03 09 e2 62 03 f0 00 03 00 ff d1 00 00 ff ff ff 00 ff
2023-12-24 14:35:35 RM 03 09 e2 63 0a f0 00 03 00 ff ff ff 00 00 ff ff ff ff
2023-12-24 14:35:35 RM 03 09 e2 64 00 ef 00 06 00 ff ff ff ff ff 00 01 19 80
2023-12-24 14:35:35 RM 03 09 e2 64 1a f0 00 04 00 ff 00 00 ff ff 00 00 b0 04
2023-12-24 14:35:35 RM 03 09 e2 66 01 f0 00 06 0b ff cf ff f0 ff ff dc ff ff
2023-12-24 14:35:35 RM 03 09 e2 6b 04 f0 00 03 00 ff f8 7d 7d 00 00 00 f0 7d
2023-12-24 14:35:35 RM 03 09 e2 70 bf fe 00 06 0b ff ff fe fe fe fe fe fe fe
2023-12-24 14:35:35 RM 03 09 e2 75 04 f0 00 03 00 ff f8 7d 7d 00 00 00 f0 7d
2023-12-24 14:35:35 RM 03 09 e2 78 20 fd 00 06 00 ff 00 fe 00 fe ff ff ff ff
2023-12-24 14:35:35 RM 03 09 e2 79 6f fe 00 04 00 ff ff ff ff ff ff ff ff ff
2023-12-24 14:35:35 RM 03 09 e2 79 35 ff 00 06 00 ff ff ff ff 00 ff fe ff ff
2023-12-24 14:35:35 RM 03 09 e2 7a 38 ff 00 06 00 ff 00 00 00 ff ff 9d ff ff
2023-12-24 14:35:35 RM 03 09 e2 7a 18 ff 00 06 00 ff 00 ff ff ff ff ff ff ff
2023-12-24 14:35:35 RM 03 09 e2 7b a1 fd 00 06 00 ff 00 fe 00 00 00 00 0f ff
2023-12-24 14:35:35 RM 03 09 e2 7b bf fe 00 06 0b ff ff fe fe fe fe fe fe fe
2023-12-24 14:35:35 RM 03 09 e2 7c f5 fe 00 06 00 ff a8 ff ff 00 fe 00 ff ff
2023-12-24 14:35:35 RM 03 09 e2 7d 65 fd 00 06 00 ff 00 fe ff ff ff fe ff ff
2023-12-24 14:35:35 RM 03 09 e2 7d b4 fd 00 06 00 ff ff ff 00 fe ff ff ff ff
2023-12-24 14:35:35 RM 03 09 e2 7e b2 fd 00 06 00 ff 00 fe ff ff 00 fe ff ff
2023-12-24 14:35:35 RM 03 09 e2 7e b3 fd 00 06 00 ff 00 fe 00 fe ff ff ff ff
2023-12-24 14:35:35 RM 03 09 e2 7f 00 e0 00 06 00 ff fa ff ff ff ff ff ff ff
2023-12-24 14:35:35 RM 03 09 e2 80 04 f0 00 03 00 ff f8 7d 7d 00 00 00 f0 7d
2023-12-24 14:35:35 RM 03 09 e2 80 f1 fe 00 06 00 ff f3 00 fe 10 ff 00 1f c5
2023-12-24 14:35:35 RM 03 09 e2 81 94 fe 00 06 00 ff 00 00 00 3f 00 00 00 00
2023-12-24 14:35:35 RM 03 09 e2 81 01 f0 00 06 00 ff ff ff ff cf ff ff ff ff
2023-12-24 14:35:35 RM 03 09 e2 82 52 fd 00 04 00 ff ff ff ff 00 00 ff ff ff
2023-12-24 14:35:35 RM 03 09 e2 82 9a ff 00 06 00 ff 00 00 00 00 00 f0 ff ff
2023-12-24 14:35:35 RM 03 09 e2 83 e3 fc 00 04 00 ff fe 00 00 ff ff ff ff ff
2023-12-24 14:35:35 RM 03 09 e2 84 94 fd 00 06 00 ff 00 00 ff ff 00 00 ff ff
2023-12-24 14:35:35 RM 03 09 e2 84 fd fc 00 04 00 ff ff ff ff ff 29 64 ff ff
2023-12-24 14:35:35 RM 03 09 e2 85 db fe 00 06 00 ff ff ff 00 fe ff ff ff ff
2023-12-24 14:35:35 RM 03 09 e2 85 ef fe 00 06 00 ff fe ff ff fe 80 80 ff fa
2023-12-24 14:35:35 RM 03 09 e2 86 ee fe 00 06 00 ff fe ff 00 fe ff ff ff ff
2023-12-24 14:35:35 RM 03 09 e2 86 a4 fe 00 06 00 ff ff ff ff ff ff ff 00 fe
2023-12-24 14:35:35 RM 03 09 e2 87 66 fd 00 06 00 ff fe ff ff ff ff ff ff ff
2023-12-24 14:35:35 RM 03 09 e2 88 bd fe 00 06 00 ff 00 f0 00 00 ff ff ff ff
2023-12-24 14:35:35 RM 03 09 e2 88 f2 fe 00 06 00 ff 00 00 00 fe ff ff fe ff
2023-12-24 14:35:35 RM 03 09 e2 89 d0 fd 00 06 00 ff ff ff ff ff fe ff ff ff
2023-12-24 14:35:35 RM 03 09 e2 89 04 f0 00 03 00 ff f8 7d 7d 00 00 00 f0 7d
2023-12-24 14:35:35 RM 03 09 e2 8a 9b ff 00 06 00 ff ff f0 f0 ff fe 00 fe f2
2023-12-24 14:35:35 RM 03 09 e2 8b 7c fd 00 06 00 ff f8 b3 41 00 d1 cf e3 ff
2023-12-24 14:35:35 RM 03 09 e2 8b f0 fe 00 06 00 ff ff ff ff 00 00 c0 ff ff
2023-12-24 14:35:35 RM 03 09 e2 8c e4 fe 00 06 00 ff 00 7f ff fc 00 7f ff ff
2023-12-24 14:35:35 RM 03 09 e2 8c 9a fe 00 06 00 ff ff ff 00 fe ff ff ff ff
2023-12-24 14:35:35 RM 03 09 e2 8d 96 fe 00 06 00 ff 0c fa ff ff ff ff ff ff
2023-12-24 14:35:35 RM 03 09 e2 8d c1 fe 00 06 00 ff 4c d9 d1 02 28 5c 8f 02
2023-12-24 14:35:35 RM 03 09 e2 8e f7 fe 00 06 00 ff ff ff ff ff ff ff f0 00
2023-12-24 14:35:35 RM 03 09 e2 93 04 f0 00 03 00 ff f8 7d 7d 00 00 00 f0 7d
2023-12-24 14:35:35 RM 03 09 e2 96 0e f0 00 06 00 ff ff ff 32 5b ff ff ff ff
2023-12-24 14:35:35 RM 03 09 e2 97 03 f0 00 03 00 ff d1 00 00 ff ff ff 00 ff
2023-12-24 14:35:35 RM 03 09 e2 97 0a f0 00 03 00 ff ff ff 00 00 ff ff ff ff
2023-12-24 14:35:35 RM 03 09 e2 98 00 ef 00 06 00 ff ff ff ff ff 00 01 19 80
2023-12-24 14:35:35 RM 03 09 e2 98 1a f0 00 04 00 ff 00 00 ff ff 00 00 b0 04
2023-12-24 14:35:35 RM 03 09 e2 9d 04 f0 00 03 00 ff f8 7d 7d 00 00 00 f0 7d
2023-12-24 14:35:35 RM 03 09 e2 a7 04 f0 00 03 00 ff f8 7d 7d 00 00 00 f0 7d
2023-12-24 14:35:35 RM 03 09 e2 b1 04 f0 00 03 00 ff f8 7d 7d 00 00 00 f0 7d
2023-12-24 14:35:35 RM 03 09 e2 bb 04 f0 00 03 00 ff f8 7d 7d 00 00 00 f0 7d
2023-12-24 14:35:35 RM 03 09 e2 c5 04 f0 00 03 00 ff f8 7d 7d 00 00 00 f0 7d
2023-12-24 14:35:35 RM 03 09 e2 c6 0e f0 00 06 00 ff ff ff 32 5b ff ff ff ff
2023-12-24 14:35:35 RM 03 09 e2 c6 03 f0 00 03 00 ff d1 00 00 ff ff ff 00 ff
2023-12-24 14:35:35 RM 03 09 e2 c7 0a f0 00 03 00 ff ff ff 00 00 ff ff ff ff
2023-12-24 14:35:35 RM 03 09 e2 c8 00 ef 00 06 00 ff ff ff ff ff 00 01 19 80
2023-12-24 14:35:35 RM 03 09 e2 c8 1a f0 00 04 00 ff 00 00 ff ff 00 00 b0 04
2023-12-24 14:35:35 RM 03 09 e2 cb 01 f0 00 06 0b ff cf ff f0 ff ff dc ff ff
2023-12-24 14:35:35 RM 03 09 e2 cf 04 f0 00 03 00 ff f8 7d 7d 00 00 00 f0 7d
2023-12-24 14:35:35 RM 03 09 e2 d5 bf fe 00 06 0b ff ff fe fe fe fe fe fe fe
2023-12-24 14:35:35 RM 03 09 e2 d9 04 f0 00 03 00 ff f8 7d 7d 00 00 00 f0 7d
2023-12-24 14:35:35 RM 03 09 e2 dc 6f fe 00 04 00 ff ff ff ff ff ff ff ff ff
2023-12-24 14:35:35 RM 03 09 e2 dd 35 ff 00 06 00 ff ff ff ff 00 ff fe ff ff
2023-12-24 14:35:35 RM 03 09 e2 dd 18 ff 00 06 00 ff 00 ff ff ff ff ff ff ff
2023-12-24 14:35:35 RM 03 09 e2 de f1 fe 00 06 00 ff f3 00 fe 10 ff 00 1f c5
2023-12-24 14:35:35 RM 03 09 e2 de 01 f0 00 06 00 ff ff ff ff cf ff ff ff ff
2023-12-24 14:35:35 RM 03 09 e2 df e3 fc 00 04 00 ff fe 00 00 ff ff ff ff ff
2023-12-24 14:35:35 RM 03 09 e2 e0 94 fd 00 06 00 ff 00 00 ff ff 00 00 ff ff
2023-12-24 14:35:35 RM 03 09 e2 e0 fd fc 00 04 00 ff ff ff ff ff 29 64 ff ff
2023-12-24 14:35:35 RM 03 09 e2 e1 bf fe 00 06 0b ff ff fe fe fe fe fe fe fe
2023-12-24 14:35:35 RM 03 09 e2 e1 f2 fe 00 06 00 ff 00 00 00 fe ff ff fe ff
2023-12-24 14:35:35 RM 03 09 e2 e2 f6 fe 00 06 00 ff fa fe fe fe ff 20 22 ff
2023-12-24 14:35:35 RM 03 09 e2 e3 50 ff 00 06 00 ff ff ff ff cf ff ff ff ff
2023-12-24 14:35:35 RM 03 09 e2 e3 f0 fe 00 06 00 ff ff ff ff 00 00 c0 ff ff
2023-12-24 14:35:35 RM 03 09 e2 e4 04 f0 00 03 00 ff f8 7d 7d 00 00 00 f0 7d
2023-12-24 14:35:35 RM 03 09 e2 e4 99 fe 00 06 00 ff ff ff 00 fe ff ff ff ff
2023-12-24 14:35:35 RM 03 09 e2 e5 96 fe 00 06 00 ff 0c fa ff ff ff ff ff ff
2023-12-24 14:35:35 RM 03 09 e2 e5 56 fe 00 06 00 ff 00 ff ff ff 1f 1f ff ff
2023-12-24 14:35:35 RM 03 09 e2 ed 04 f0 00 03 00 ff f8 7d 7d 00 00 00 f0 7d
2023-12-24 14:35:35 RM 03 09 e2 f7 04 f0 00 03 00 ff f8 7d 7d 00 00 00 f0 7d
2023-12-24 14:35:35 RM 03 09 e2 fa 0e f0 00 06 00 ff ff ff 32 5b ff ff ff ff
2023-12-24 14:35:35 RM 03 09 e2 fb 03 f0 00 03 00 ff d1 00 00 ff ff ff 00 ff
2023-12-24 14:35:35 RM 03 09 e2 fc 0a f0 00 03 00 ff ff ff 00 00 ff ff ff ff
2023-12-24 14:35:35 RM 03 09 e2 fc 00 ef 00 06 00 ff ff ff ff ff 00 01 19 80
2023-12-24 14:35:35 RM 03 09 e2 fd 1a f0 00 04 00 ff 00 00 ff ff 00 00 b0 04
2023-12-24 14:35:35 RM 03 09 e3 01 04 f0 00 03 00 ff f8 7d 7d 00 00 00 f0 7d
2023-12-24 14:35:35 RM 03 09 e3 0b 04 f0 00 03 00 ff f8 7d 7d 00 00 00 f0 7d
2023-12-24 14:35:35 RM 03 09 e3 15 04 f0 00 03 00 ff f8 7d 7d 00 00 00 f0 7d
2023-12-24 14:35:35 RM 03 09 e3 20 04 f0 00 03 00 ff f8 7d 7d 00 00 00 f0 7d
2023-12-24 14:35:35 RM 03 09 e3 29 04 f0 00 03 00 ff f8 7d 7d 00 00 00 f0 7d
2023-12-24 14:35:35 RM 03 09 e3 2a 0e f0 00 06 00 ff ff ff 32 5b ff ff ff ff
2023-12-24 14:35:35 RM 03 09 e3 2b 03 f0 00 03 00 ff d1 00 00 ff ff ff 00 ff
2023-12-24 14:35:35 RM 03 09 e3 2b df fe 00 06 00 ff fe 00 fe fe 7d 00 00 ff
2023-12-24 14:35:35 RM 03 09 e3 2c 0a f0 00 03 00 ff ff ff 00 00 ff ff ff ff
2023-12-24 14:35:35 RM 03 09 e3 2c 00 ef 00 06 00 ff ff ff ff ff 00 01 19 80
2023-12-24 14:35:35 RM 03 09 e3 2d 1a f0 00 04 00 ff 00 00 ff ff 00 00 b0 04
2023-12-24 14:35:35 RM 03 09 e3 30 01 f0 00 06 0b ff cf ff f0 ff ff dc ff ff
2023-12-24 14:35:35 RM 03 09 e3 33 04 f0 00 03 00 ff f8 7d 7d 00 00 00 f0 7d
2023-12-24 14:35:35 RM 03 09 e3 3a bf fe 00 06 0b ff ff fe fe fe fe fe fe fe
2023-12-24 14:35:35 RM 03 09 e3 3d 04 f0 00 03 00 ff f8 7d 7d 00 00 00 f0 7d
2023-12-24 14:35:35 RM 03 09 e3 40 6f fe 00 04 00 ff ff ff ff ff ff ff ff ff
2023-12-24 14:35:35 RM 03 09 e3 41 35 ff 00 06 00 ff ff ff ff 00 ff fe ff ff
2023-12-24 14:35:35 RM 03 09 e3 41 18 ff 00 06 00 ff 00 ff ff ff ff ff ff ff
2023-12-24 14:35:35 RM 03 09 e3 42 f1 fe 00 06 00 ff f3 00 fe 10 ff 00 1f c5
2023-12-24 14:35:35 RM 03 09 e3 42 01 f0 00 06 00 ff ff ff ff cf ff ff ff ff
2023-12-24 14:35:35 RM 03 09 e3 43 e3 fc 00 04 00 ff fe 00 00 ff ff ff ff ff
2023-12-24 14:35:35 RM 03 09 e3 44 94 fd 00 06 00 ff 00 00 ff ff 00 00 ff ff
2023-12-24 14:35:35 RM 03 09 e3 44 fd fc 00 04 00 ff ff ff ff ff 29 64 ff ff
2023-12-24 14:35:35 RM 03 09 e3 45 bf fe 00 06 0b ff ff fe fe fe fe fe fe fe
2023-12-24 14:35:35 RM 03 09 e3 45 f2 fe 00 06 00 ff 00 00 00 fe ff ff fe ff
2023-12-24 14:35:35 RM 03 09 e3 46 f0 fe 00 06 00 ff ff ff ff 00 00 c0 ff ff
2023-12-24 14:35:35 RM 03 09 e3 47 96 fe 00 06 00 ff 0c fa ff ff ff ff ff ff
2023-12-24 14:35:35 RM 03 09 e3 48 04 f0 00 03 00 ff f8 7d 7d 00 00 00 f0 7d
2023-12-24 14:35:35 RM 03 09 e3 51 04 f0 00 03 00 ff f8 7d 7d 00 00 00 f0 7d
2023-12-24 14:35:35 RM 03 09 e3 5b 04 f0 00 03 00 ff f8 7d 7d 00 00 00 f0 7d
2023-12-24 14:35:35 RM 03 09 e3 5e 0e f0 00 06 00 ff ff ff 32 5b ff ff ff ff
2023-12-24 14:35:35 RM 03 09 e3 5f 03 f0 00 03 00 ff d1 00 00 ff ff ff 00 ff
2023-12-24 14:35:35 RM 03 09 e3 60 0a f0 00 03 00 ff ff ff 00 00 ff ff ff ff
2023-12-24 14:35:35 RM 03 09 e3 60 00 ef 00 06 00 ff ff ff ff ff 00 01 19 80
2023-12-24 14:35:35 RM 03 09 e3 61 1a f0 00 04 00 ff 00 00 ff ff 00 00 b0 04
2023-12-24 14:35:35 RM 03 09 e3 65 04 f0 00 03 00 ff f8 7d 7d 00 00 00 f0 7d
2023-12-24 14:35:35 RM 03 09 e3 70 04 f0 00 03 00 ff f8 7d 7d 00 00 00 f0 7d
2023-12-24 14:35:35 RM 03 09 e3 79 04 f0 00 03 00 ff f8 7d 7d 00 00 00 f0 7d
2023-12-24 14:35:35 RM 03 09 e3 83 04 f0 00 03 00 ff f8 7d 7d 00 00 00 f0 7d
2023-12-24 14:35:35 RM 03 09 e3 8d 04 f0 00 03 00 ff f8 7d 7d 00 00 00 f0 7d
2023-12-24 14:35:35 RM 03 09 e3 8e 0e f0 00 06 00 ff ff ff 32 5b ff ff ff ff
2023-12-24 14:35:35 RM 03 09 e3 8f 03 f0 00 03 00 ff d1 00 00 ff ff ff 00 ff
2023-12-24 14:35:35 RM 03 09 e3 8f 0a f0 00 03 00 ff ff ff 00 00 ff ff ff ff
2023-12-24 14:35:35 RM 03 09 e3 90 00 ef 00 06 00 ff ff ff ff ff 00 01 19 80
2023-12-24 14:35:35 RM 03 09 e3 91 1a f0 00 04 00 ff 00 00 ff ff 00 00 b0 04
2023-12-24 14:35:35 RM 03 09 e3 95 01 f0 00 06 0b ff cf ff f0 ff ff dc ff ff
2023-12-24 14:35:35 RM 03 09 e3 98 04 f0 00 03 00 ff f8 7d 7d 00 00 00 f0 7d
2023-12-24 14:35:35 RM 03 09 e3 9f bf fe 00 06 0b ff ff fe fe fe fe fe fe fe
2023-12-24 14:35:35 RM 03 09 e3 a1 04 f0 00 03 00 ff f8 7d 7d 00 00 00 f0 7d
2023-12-24 14:35:35 RM 03 09 e3 a4 6f fe 00 04 00 ff ff ff ff ff ff ff ff ff
2023-12-24 14:35:35 RM 03 09 e3 a5 35 ff 00 06 00 ff ff ff ff 00 ff fe ff ff
2023-12-24 14:35:35 RM 03 09 e3 a5 18 ff 00 06 00 ff 00 ff ff ff ff ff ff ff
2023-12-24 14:35:35 RM 03 09 e3 a6 f1 fe 00 06 00 ff f3 00 fe 10 ff 00 1f c5
2023-12-24 14:35:35 RM 03 09 e3 a7 01 f0 00 06 00 ff ff ff ff cf ff ff ff ff
2023-12-24 14:35:35 RM 03 09 e3 a7 e3 fc 00 04 00 ff fe 00 00 ff ff ff ff ff
2023-12-24 14:35:35 RM 03 09 e3 a8 94 fd 00 06 00 ff 00 00 ff ff 00 00 ff ff
2023-12-24 14:35:35 RM 03 09 e3 a8 fd fc 00 04 00 ff ff ff ff ff 29 64 ff ff
2023-12-24 14:35:35 RM 03 09 e3 a9 f2 fe 00 06 00 ff 00 00 00 fe ff ff fe ff
2023-12-24 14:35:35 RM 03 09 e3 a9 bf fe 00 06 0b ff ff fe fe fe fe fe fe fe
2023-12-24 14:35:35 RM 03 09 e3 aa f0 fe 00 06 00 ff ff ff ff 00 00 c0 ff ff
2023-12-24 14:35:35 RM 03 09 e3 ab 96 fe 00 06 00 ff 0c fa ff ff ff ff ff ff
2023-12-24 14:35:35 RM 03 09 e3 ac 04 f0 00 03 00 ff f8 7d 7d 00 00 00 f0 7d
2023-12-24 14:35:35 RM 03 09 e3 b5 04 f0 00 03 00 ff f8 7d 7d 00 00 00 f0 7d
2023-12-24 14:35:35 RM 03 09 e3 c0 04 f0 00 03 00 ff f8 7d 7d 00 00 00 f0 7d
2023-12-24 14:35:35 RM 03 09 e3 c3 0e f0 00 06 00 ff ff ff 32 5b ff ff ff ff
2023-12-24 14:35:35 RM 03 09 e3 c3 03 f0 00 03 00 ff d1 00 00 ff ff ff 00 ff
2023-12-24 14:35:35 RM 03 09 e3 c4 0a f0 00 03 00 ff ff ff 00 00 ff ff ff ff
2023-12-24 14:35:35 RM 03 09 e3 c4 00 ef 00 06 00 ff ff ff ff ff 00 01 19 80
2023-12-24 14:35:35 RM 03 09 e3 c5 1a f0 00 04 00 ff 00 00 ff ff 00 00 b0 04
2023-12-24 14:35:35 RM 03 09 e3 ca 04 f0 00 03 00 ff f8 7d 7d 00 00 00 f0 7d
2023-12-24 14:35:35 RM 03 09 e3 d3 04 f0 00 03 00 ff f8 7d 7d 00 00 00 f0 7d
2023-12-24 14:35:35 RM 03 09 e3 dd 04 f0 00 03 00 ff f8 7d 7d 00 00 00 f0 7d
2023-12-24 14:35:35 RM 03 09 e3 e8 04 f0 00 03 00 ff f8 7d 7d 00 00 00 f0 7d
2023-12-24 14:35:35 RM 03 09 e3 f2 04 f0 00 03 00 ff f8 7d 7d 00 00 00 f0 7d
2023-12-24 14:35:35 RM 03 09 e3 f2 0e f0 00 06 00 ff ff ff 32 5b ff ff ff ff
2023-12-24 14:35:35 RM 03 09 e3 f3 03 f0 00 03 00 ff d1 00 00 ff ff ff 00 ff
2023-12-24 14:35:35 RM 03 09 e3 f3 0a f0 00 03 00 ff ff ff 00 00 ff ff ff ff
2023-12-24 14:35:35 RM 03 09 e3 f4 00 ef 00 06 00 ff ff ff ff ff 00 01 19 80
2023-12-24 14:35:35 RM 03 09 e3 f5 1a f0 00 04 00 ff 00 00 ff ff 00 00 b0 04
2023-12-24 14:35:35 RM 03 09 e3 fa 01 f0 00 06 0b ff cf ff f0 ff ff dc ff ff
2023-12-24 14:35:35 RM 03 09 e3 fc 04 f0 00 03 00 ff f8 7d 7d 00 00 00 f0 7d
2023-12-24 14:35:35 RM 03 09 e4 04 bf fe 00 06 0b ff ff fe fe fe fe fe fe fe
2023-12-24 14:35:35 RM 03 09 e4 06 04 f0 00 03 00 ff f8 7d 7d 00 00 00 f0 7d
2023-12-24 14:35:35 RM 03 09 e4 08 6f fe 00 04 00 ff ff ff ff ff ff ff ff ff
2023-12-24 14:35:35 RM 03 09 e4 09 35 ff 00 06 00 ff ff ff ff 00 ff fe ff ff
2023-12-24 14:35:35 RM 03 09 e4 0a 18 ff 00 06 00 ff 00 ff ff ff ff ff ff ff
2023-12-24 14:35:35 RM 03 09 e4 0a f1 fe 00 06 00 ff f3 00 fe 10 ff 00 1f c5
2023-12-24 14:35:35 RM 03 09 e4 0b 01 f0 00 06 00 ff ff ff ff cf ff ff ff ff
2023-12-24 14:35:35 RM 03 09 e4 0b e3 fc 00 04 00 ff fe 00 00 ff ff ff ff ff
2023-12-24 14:35:35 RM 03 09 e4 0c 94 fd 00 06 00 ff 00 00 ff ff 00 00 ff ff
2023-12-24 14:35:35 RM 03 09 e4 0c fd fc 00 04 00 ff ff ff ff ff 29 64 ff ff
2023-12-24 14:35:35 RM 03 09 e4 0d f2 fe 00 06 00 ff 00 00 00 fe ff ff fe ff
2023-12-24 14:35:35 RM 03 09 e4 0e f0 fe 00 06 00 ff ff ff ff 00 00 c0 ff ff
2023-12-24 14:35:35 RM 03 09 e4 0e 96 fe 00 06 00 ff 0c fa ff ff ff ff ff ff
2023-12-24 14:35:35 RM 03 09 e4 0f bf fe 00 06 0b ff ff fe fe fe fe fe fe fe
2023-12-24 14:35:35 RM 03 09 e4 10 04 f0 00 03 00 ff f8 7d 7d 00 00 00 f0 7d
2023-12-24 14:35:35 RM 03 09 e4 1a 04 f0 00 03 00 ff f8 7d 7d 00 00 00 f0 7d
2023-12-24 14:35:35 RM 03 09 e4 24 04 f0 00 03 00 ff f8 7d 7d 00 00 00 f0 7d
2023-12-24 14:35:35 RM 03 09 e4 27 0e f0 00 06 00 ff ff ff 32 5b ff ff ff ff
2023-12-24 14:35:35 RM 03 09 e4 27 03 f0 00 03 00 ff d1 00 00 ff ff ff 00 ff
2023-12-24 14:35:35 RM 03 09 e4 28 df fe 00 06 00 ff fe 00 fe fe 7d 02 00 ff
2023-12-24 14:35:35 RM 03 09 e4 28 0a f0 00 03 00 ff ff ff 00 00 ff ff ff ff
2023-12-24 14:35:35 RM 03 09 e4 29 00 ef 00 06 00 ff ff ff ff ff 00 01 19 80
2023-12-24 14:35:35 RM 03 09 e4 2a 1a f0 00 04 00 ff 00 00 ff ff 00 00 b0 04
2023-12-24 14:35:35 RM 03 09 e4 2e 04 f0 00 03 00 ff f8 7d 7d 00 00 00 f0 7d
2023-12-24 14:35:35 RM 03 09 e4 38 04 f0 00 03 00 ff f8 7d 7d 00 00 00 f0 7d
2023-12-24 14:35:35 RM 03 09 e4 42 04 f0 00 03 00 ff f8 7d 7d 00 00 00 f0 7d
2023-12-24 14:35:35 RM 03 09 e4 4c 04 f0 00 03 00 ff f8 7d 7d 00 00 00 f0 7d
2023-12-24 14:35:35 RM 03 09 e4 56 04 f0 00 03 00 ff f8 7d 7d 00 00 00 f0 7d
2023-12-24 14:35:35 RM 03 09 e4 56 0e f0 00 06 00 ff ff ff 32 5b ff ff ff ff
2023-12-24 14:35:35 RM 03 09 e4 57 03 f0 00 03 00 ff d1 00 00 ff ff ff 00 ff
2023-12-24 14:35:35 RM 03 09 e4 58 0a f0 00 03 00 ff ff ff 00 00 ff ff ff ff
2023-12-24 14:35:35 RM 03 09 e4 58 00 ef 00 06 00 ff ff ff ff ff 00 01 19 80
2023-12-24 14:35:35 RM 03 09 e4 59 1a f0 00 04 00 ff 00 00 ff ff 00 00 b0 04
2023-12-24 14:35:35 RM 03 09 e4 5f 01 f0 00 06 0b ff cf ff f0 ff ff dc ff ff
2023-12-24 14:35:35 RM 03 09 e4 60 04 f0 00 03 00 ff f8 7d 7d 00 00 00 f0 7d
2023-12-24 14:35:35 RM 03 09 e4 69 bf fe 00 06 0b ff ff fe fe fe fe fe fe fe
2023-12-24 14:35:35 RM 03 09 e4 6a 04 f0 00 03 00 ff f8 7d 7d 00 00 00 f0 7d
2023-12-24 14:35:35 RM 03 09 e4 6c 20 fd 00 06 00 ff 00 fe 00 fe ff ff ff ff
2023-12-24 14:35:35 RM 03 09 e4 6d 6f fe 00 04 00 ff ff ff ff ff ff ff ff ff
2023-12-24 14:35:35 RM 03 09 e4 6e 35 ff 00 06 00 ff ff ff ff 00 ff fe ff ff
2023-12-24 14:35:35 RM 03 09 e4 6e 18 ff 00 06 00 ff 00 ff ff ff ff ff ff ff
2023-12-24 14:35:35 RM 03 09 e4 6f a1 fd 00 06 00 ff 00 fe 00 00 00 00 0f ff
2023-12-24 14:35:35 RM 03 09 e4 6f 65 fd 00 06 00 ff 00 fe ff ff ff fe ff ff
2023-12-24 14:35:35 RM 03 09 e4 70 b4 fd 00 06 00 ff ff ff 00 fe ff ff ff ff
2023-12-24 14:35:35 RM 03 09 e4 71 b2 fd 00 06 00 ff 00 fe ff ff 00 fe ff ff
2023-12-24 14:35:35 RM 03 09 e4 71 b3 fd 00 06 00 ff 00 fe 00 fe ff ff ff ff
2023-12-24 14:35:35 RM 03 09 e4 72 f1 fe 00 06 00 ff f3 00 fe 10 ff 00 1f c5
2023-12-24 14:35:35 RM 03 09 e4 72 b0 ff 00 06 00 ff 7f 7f 7f 7f 7f 7f ff ff
2023-12-24 14:35:35 RM 03 09 e4 73 94 fe 00 06 00 ff 00 00 00 3f 00 00 00 00
2023-12-24 14:35:35 RM 03 09 e4 73 01 f0 00 06 00 ff ff ff ff cf ff ff ff ff
2023-12-24 14:35:35 RM 03 09 e4 74 04 f0 00 03 00 ff f8 7d 7d 00 00 00 f0 7d
2023-12-24 14:35:35 RM 03 09 e4 75 e3 fc 00 04 00 ff fe 00 00 ff ff ff ff ff
2023-12-24 14:35:35 RM 03 09 e4 75 94 fd 00 06 00 ff 00 00 ff ff 00 00 ff ff
2023-12-24 14:35:35 RM 03 09 e4 76 fd fc 00 04 00 ff ff ff ff ff 29 64 ff ff
2023-12-24 14:35:35 RM 03 09 e4 76 bf fe 00 06 0b ff ff fe fe fe fe fe fe fe
2023-12-24 14:35:35 RM 03 09 e4 77 db fe 00 06 00 ff ff ff 00 fe ff ff ff ff
2023-12-24 14:35:35 RM 03 09 e4 78 ef fe 00 06 00 ff fe ff ff fe 80 80 ff fa
2023-12-24 14:35:35 RM 03 09 e4 78 69 fe 00 06 00 ff 00 fe ff ff ff ff 00 fe
2023-12-24 14:35:35 RM 03 09 e4 79 f2 fe 00 06 00 ff 00 00 00 fe ff ff fe ff
2023-12-24 14:35:35 RM 03 09 e4 79 d0 fd 00 06 00 ff ff ff ff ff fe ff ff ff
2023-12-24 14:35:35 RM 03 09 e4 7a 9b ff 00 06 00 ff ff f0 f0 ff fe 00 fe f2
2023-12-24 14:35:35 RM 03 09 e4 7a f0 fe 00 06 00 ff ff ff ff 00 00 c0 ff ff
2023-12-24 14:35:35 RM 03 09 e4 7b 96 fe 00 06 00 ff 0c fa ff ff ff ff ff ff
2023-12-24 14:35:35 RM 03 09 e4 7e 04 f0 00 03 00 ff f8 7d 7d 00 00 00 f0 7d
2023-12-24 14:35:35 RM 03 09 e4 88 04 f0 00 03 00 ff f8 7d 7d 00 00 00 f0 7d
2023-12-24 14:35:35 RM 03 09 e4 8b 0e f0 00 06 00 ff ff ff 32 5b ff ff ff ff
2023-12-24 14:35:35 RM 03 09 e4 8c 03 f0 00 03 00 ff d1 00 00 ff ff ff 00 ff
2023-12-24 14:35:35 RM 03 09 e4 8c 0a f0 00 03 00 ff ff ff 00 00 ff ff ff ff
2023-12-24 14:35:35 RM 03 09 e4 8d 00 ef 00 06 00 ff ff ff ff ff 00 01 19 80
2023-12-24 14:35:35 RM 03 09 e4 8d 1a f0 00 04 00 ff 00 00 ff ff 00 00 b0 04
2023-12-24 14:35:35 RM 03 09 e4 92 04 f0 00 03 00 ff f8 7d 7d 00 00 00 f0 7d
2023-12-24 14:35:35 RM 03 09 e4 9c 04 f0 00 03 00 ff f8 7d 7d 00 00 00 f0 7d
2023-12-24 14:35:35 RM 03 09 e4 a6 04 f0 00 03 00 ff f8 7d 7d 00 00 00 f0 7d
2023-12-24 14:35:35 RM 03 09 e4 a6 00 ea 00 06 00 96 e6 fe 00
2023-12-24 14:35:35 RM 03 09 e4 b0 04 f0 00 03 00 ff f8 7d 7d 00 00 00 f0 7d
2023-12-24 14:35:35 RM 03 09 e4 ba 04 f0 00 03 00 ff f8 7d 7d 00 00 00 f0 7d
2023-12-24 14:35:35 RM 03 09 e4 bb 0e f0 00 06 00 ff ff ff 32 5b ff ff ff ff
2023-12-24 14:35:35 RM 03 09 e4 bb 03 f0 00 03 00 ff d1 00 00 ff ff ff 00 ff
2023-12-24 14:35:35 RM 03 09 e4 bc 0a f0 00 03 00 ff ff ff 00 00 ff ff ff ff
2023-12-24 14:35:35 RM 03 09 e4 bc 00 ef 00 06 00 ff ff ff ff ff 00 01 19 80
2023-12-24 14:35:35 RM 03 09 e4 bd 1a f0 00 04 00 ff 00 00 ff ff 00 00 b0 04
2023-12-24 14:35:35 RM 03 09 e4 c3 01 f0 00 06 0b ff cf ff f0 ff ff dc ff ff
2023-12-24 14:35:35 RM 03 09 e4 c4 04 f0 00 03 00 ff f8 7d 7d 00 00 00 f0 7d
2023-12-24 14:35:35 RM 03 09 e4 cd bf fe 00 06 0b ff ff fe fe fe fe fe fe fe
2023-12-24 14:35:35 RM 03 09 e4 ce 04 f0 00 03 00 ff f8 7d 7d 00 00 00 f0 7d
2023-12-24 14:35:35 RM 03 09 e4 d1 6f fe 00 04 00 ff ff ff ff ff ff ff ff ff
2023-12-24 14:35:35 RM 03 09 e4 d1 35 ff 00 06 00 ff ff ff ff 00 ff fe ff ff
2023-12-24 14:35:36 SM 00 ea 00 06 f9 ff ec fe 00
2023-12-24 14:35:36 RM 03 09 e4 d2 18 ff 00 06 00 ff 00 ff ff ff ff ff ff ff
2023-12-24 14:35:36 RM 03 09 e4 d2 f1 fe 00 06 00 ff f3 00 fe 10 ff 00 1f c5
2023-12-24 14:35:36 RM 03 09 e4 d3 01 f0 00 06 00 ff ff ff ff cf ff ff ff ff
2023-12-24 14:35:36 RM 03 09 e4 d3 e3 fc 00 04 00 ff fe 00 00 ff ff ff ff ff
2023-12-24 14:35:36 RM 03 09 e4 d4 94 fd 00 06 00 ff 00 00 ff ff 00 00 ff ff
2023-12-24 14:35:36 RM 03 09 e4 d5 fd fc 00 04 00 ff ff ff ff ff 29 64 ff ff
2023-12-24 14:35:36 RM 03 09 e4 d5 f2 fe 00 06 00 ff 00 00 00 fe ff ff fe ff
2023-12-24 14:35:36 RM 03 09 e4 d6 f6 fe 00 06 00 ff fa fe fe fe ff 20 22 ff
2023-12-24 14:35:36 RM 03 09 e4 d6 f0 fe 00 06 00 ff ff ff ff 00 00 c0 ff ff
2023-12-24 14:35:36 RM 03 09 e4 d7 96 fe 00 06 00 ff 0c fa ff ff ff ff ff ff
2023-12-24 14:35:36 RM 03 09 e4 d8 bf fe 00 06 0b ff ff fe fe fe fe fe fe fe
2023-12-24 14:35:36 RM 03 09 e4 d8 04 f0 00 03 00 ff f8 7d 7d 00 00 00 f0 7d
2023-12-24 14:35:36 RM 03 09 e4 e2 04 f0 00 03 00 ff f8 7d 7d 00 00 00 f0 7d
2023-12-24 14:35:36 RM 03 09 e4 ec ca fe 00 06 00 ff 40 ff 66 00 03 01 ff ff
2023-12-24 14:35:36 RM 03 09 e4 ec 04 f0 00 03 00 ff f8 7d 7d 00 00 00 f0 7d
2023-12-24 14:35:36 RM 03 09 e4 ef 0e f0 00 06 00 ff ff ff 32 5b ff ff ff ff
2023-12-24 14:35:36 RM 03 09 e4 ef 03 f0 00 03 00 ff d1 00 00 ff ff ff 00 ff
2023-12-24 14:35:36 RM 03 09 e4 f0 0a f0 00 03 00 ff ff ff 00 00 ff ff ff ff
2023-12-24 14:35:36 RM 03 09 e4 f1 00 ef 00 06 00 ff ff ff ff ff 00 01 19 80
2023-12-24 14:35:36 RM 03 09 e4 f1 1a f0 00 04 00 ff 00 00 ff ff 00 00 b0 04
2023-12-24 14:35:36 RM 03 09 e4 f6 04 f0 00 03 00 ff f8 7d 7d 00 00 00 f0 7d
2023-12-24 14:35:36 RM 03 09 e5 00 04 f0 00 03 00 ff f8 7d 7d 00 00 00 f0 7d
2023-12-24 14:35:36 RM 03 09 e5 0a 04 f0 00 03 00 ff f8 7d 7d 00 00 00 f0 7d
2023-12-24 14:35:36 RM 03 09 e5 14 04 f0 00 03 00 ff f8 7d 7d 00 00 00 f0 7d
2023-12-24 14:35:36 RM 03 09 e5 1e 04 f0 00 03 00 ff f8 7d 7d 00 00 00 f0 7d
2023-12-24 14:35:36 RM 03 09 e5 1f 0e f0 00 06 00 ff ff ff 32 5b ff ff ff ff
2023-12-24 14:35:36 RM 03 09 e5 1f 03 f0 00 03 00 ff d1 00 00 ff ff ff 00 ff
2023-12-24 14:35:36 RM 03 09 e5 20 df fe 00 06 00 ff fe 00 fe fe 7d 02 00 ff
2023-12-24 14:35:36 RM 03 09 e5 20 0a f0 00 03 00 ff ff ff 00 00 ff ff ff ff
2023-12-24 14:35:36 RM 03 09 e5 21 00 ef 00 06 00 ff ff ff ff ff 00 01 19 80
2023-12-24 14:35:36 RM 03 09 e5 21 1a f0 00 04 00 ff 00 00 ff ff 00 00 b0 04
2023-12-24 14:35:36 RM 03 09 e5 28 04 f0 00 03 00 ff f8 7d 7d 00 00 00 f0 7d
2023-12-24 14:35:36 RM 03 09 e5 29 01 f0 00 06 0b ff cf ff f0 ff ff dc ff ff
2023-12-24 14:35:36 RM 03 09 e5 32 04 f0 00 03 00 ff f8 7d 7d 00 00 00 f0 7d
2023-12-24 14:35:36 RM 03 09 e5 32 bf fe 00 06 0b ff ff fe fe fe fe fe fe fe
2023-12-24 14:35:36 RM 03 09 e5 35 6f fe 00 04 00 ff ff ff ff ff ff ff ff ff
2023-12-24 14:35:36 RM 03 09 e5 35 35 ff 00 06 00 ff ff ff ff 00 ff fe ff ff
2023-12-24 14:35:36 RM 03 09 e5 36 18 ff 00 06 00 ff 00 ff ff ff ff ff ff ff
2023-12-24 14:35:36 RM 03 09 e5 36 f1 fe 00 06 00 ff f3 00 fe 10 ff 00 1f c5
2023-12-24 14:35:36 RM 03 09 e5 37 01 f0 00 06 00 ff ff ff ff cf ff ff ff ff
2023-12-24 14:35:36 RM 03 09 e5 38 e3 fc 00 04 00 ff fe 00 00 ff ff ff ff ff
2023-12-24 14:35:36 RM 03 09 e5 38 94 fd 00 06 00 ff 00 00 ff ff 00 00 ff ff
2023-12-24 14:35:36 RM 03 09 e5 39 fd fc 00 04 00 ff ff ff ff ff 29 64 ff ff
2023-12-24 14:35:36 RM 03 09 e5 39 f2 fe 00 06 00 ff 00 00 00 fe ff ff fe ff
2023-12-24 14:35:36 RM 03 09 e5 3a f0 fe 00 06 00 ff ff ff ff 00 00 c0 ff ff
2023-12-24 14:35:36 RM 03 09 e5 3b 96 fe 00 06 00 ff 0c fa ff ff ff ff ff ff
2023-12-24 14:35:36 RM 03 09 e5 3c 04 f0 00 03 00 ff f8 7d 7d 00 00 00 f0 7d
2023-12-24 14:35:36 RM 03 09 e5 3d bf fe 00 06 0b ff ff fe fe fe fe fe fe fe
2023-12-24 14:35:36 RM 03 09 e5 46 04 f0 00 03 00 ff f8 7d 7d 00 00 00 f0 7d
2023-12-24 14:35:36 RM 03 09 e5 50 04 f0 00 03 00 ff f8 7d 7d 00 00 00 f0 7d
2023-12-24 14:35:36 RM 03 09 e5 53 0e f0 00 06 00 ff ff ff 32 5b ff ff ff ff
2023-12-24 14:35:36 RM 03 09 e5 54 03 f0 00 03 00 ff d1 00 00 ff ff ff 00 ff
2023-12-24 14:35:36 RM 03 09 e5 54 0a f0 00 03 00 ff ff ff 00 00 ff ff ff ff
2023-12-24 14:35:36 RM 03 09 e5 55 00 ef 00 06 00 ff ff ff ff ff 00 01 19 80
2023-12-24 14:35:36 RM 03 09 e5 55 1a f0 00 04 00 ff 00 00 ff ff 00 00 b0 04
2023-12-24 14:35:36 RM 03 09 e5 5a 04 f0 00 03 00 ff f8 7d 7d 00 00 00 f0 7d
2023-12-24 14:35:36 RM 03 09 e5 64 04 f0 00 03 00 ff f8 7d 7d 00 00 00 f0 7d
2023-12-24 14:35:36 RM 03 09 e5 6e 04 f0 00 03 00 ff f8 7d 7d 00 00 00 f0 7d
2023-12-24 14:35:36 RM 03 09 e5 6f ca fe 00 80 0b ff 04 ff 63 02 0e 7f 7f 02 0e 7f 2b 03 02 7f 1e 03 05 7f 1f 03 05 7f 1b 03 05 7f 20 03 05 7f 1d 03 05 7f 1c 03 05 7f 15 03 02 7f 16 03 02 7f 18 03 02 7f 17 03 02 7f 19 03 02 7f
2023-12-24 14:35:36 RM 03 09 e5 78 04 f0 00 03 00 ff f8 7d 7d 00 00 00 f0 7d
2023-12-24 14:35:36 RM 03 09 e5 82 04 f0 00 03 00 ff f8 7d 7d 00 00 00 f0 7d
2023-12-24 14:35:36 RM 03 09 e5 83 0e f0 00 06 00 ff ff ff 32 5b ff ff ff ff
2023-12-24 14:35:36 RM 03 09 e5 83 03 f0 00 03 00 ff d1 00 00 ff ff ff 00 ff
2023-12-24 14:35:36 RM 03 09 e5 84 0a f0 00 03 00 ff ff ff 00 00 ff ff ff ff
2023-12-24 14:35:36 RM 03 09 e5 84 00 ef 00 06 00 ff ff ff ff ff 00 01 19 80
2023-12-24 14:35:36 RM 03 09 e5 85 1a f0 00 04 00 ff 00 00 ff ff 00 00 b0 04
2023-12-24 14:35:36 RM 03 09 e5 8c 04 f0 00 03 00 ff f8 7d 7d 00 00 00 f0 7d
2023-12-24 14:35:36 RM 03 09 e5 8d 01 f0 00 06 0b ff cf ff f0 ff ff dc ff ff
2023-12-24 14:35:36 RM 03 09 e5 96 04 f0 00 03 00 ff f8 7d 7d 00 00 00 f0 7d
2023-12-24 14:35:36 RM 03 09 e5 97 bf fe 00 06 0b ff ff fe fe fe fe fe fe fe
2023-12-24 14:35:36 RM 03 09 e5 99 6f fe 00 04 00 ff ff ff ff ff ff ff ff ff
2023-12-24 14:35:36 RM 03 09 e5 99 35 ff 00 06 00 ff ff ff ff 00 ff fe ff ff
2023-12-24 14:35:36 RM 03 09 e5 9a 18 ff 00 06 00 ff 00 ff ff ff ff ff ff ff
2023-12-24 14:35:36 RM 03 09 e5 9a f1 fe 00 06 00 ff f3 00 fe 10 ff 00 1f c5
2023-12-24 14:35:36 RM 03 09 e5 9b 01 f0 00 06 00 ff ff ff ff cf ff ff ff ff
2023-12-24 14:35:36 RM 03 09 e5 9c e3 fc 00 04 00 ff fe 00 00 ff ff ff ff ff
2023-12-24 14:35:36 RM 03 09 e5 9c 94 fd 00 06 00 ff 00 00 ff ff 00 00 ff ff
2023-12-24 14:35:36 RM 03 09 e5 9d fd fc 00 04 00 ff ff ff ff ff 29 64 ff ff
2023-12-24 14:35:36 RM 03 09 e5 9d f2 fe 00 06 00 ff 00 00 00 fe ff ff fe ff
2023-12-24 14:35:36 RM 03 09 e5 9e f0 fe 00 06 00 ff ff ff ff 00 00 c0 ff ff
2023-12-24 14:35:36 RM 03 09 e5 9f 96 fe 00 06 00 ff 0c fa ff ff ff ff ff ff
2023-12-24 14:35:36 RM 03 09 e5 a0 04 f0 00 03 00 ff f8 7d 7d 00 00 00 f0 7d
2023-12-24 14:35:36 RM 03 09 e5 a1 bf fe 00 06 0b ff ff fe fe fe fe fe fe fe
2023-12-24 14:35:36 RM 03 09 e5 aa 04 f0 00 03 00 ff f8 7d 7d 00 00 00 f0 7d
2023-12-24 14:35:36 RM 03 09 e5 b4 04 f0 00 03 00 ff f8 7d 7d 00 00 00 f0 7d
2023-12-24 14:35:36 RM 03 09 e5 b7 0e f0 00 06 00 ff ff ff 32 5b ff ff ff ff
2023-12-24 14:35:36 RM 03 09 e5 b8 03 f0 00 03 00 ff d1 00 00 ff ff ff 00 ff
2023-12-24 14:35:36 RM 03 09 e5 b8 0a f0 00 03 00 ff ff ff 00 00 ff ff ff ff
2023-12-24 14:35:36 RM 03 09 e5 b9 00 ef 00 06 00 ff ff ff ff ff 00 01 19 80
2023-12-24 14:35:36 RM 03 09 e5 b9 1a f0 00 04 00 ff 00 00 ff ff 00 00 b0 04
2023-12-24 14:35:36 RM 03 09 e5 be 04 f0 00 03 00 ff f8 7d 7d 00 00 00 f0 7d
2023-12-24 14:35:36 RM 03 09 e5 c8 04 f0 00 03 00 ff f8 7d 7d 00 00 00 f0 7d
2023-12-24 14:35:36 RM 03 09 e5 d2 04 f0 00 03 00 ff f8 7d 7d 00 00 00 f0 7d
2023-12-24 14:35:36 RM 03 09 e5 dc 04 f0 00 03 00 ff f8 7d 7d 00 00 00 f0 7d
2023-12-24 14:35:36 RM 03 09 e5 e4 ec fe 00 80 00 ff 31 48 53 48 57 53 4a 4e 58 44 4a 31 39 35 35 35 35 2a
